#
# There is insufficient memory for the Java Runtime Environment to continue.
# Native memory allocation (malloc) failed to allocate 1102416 bytes for Chunk::new
# Possible reasons:
#   The system is out of physical RAM or swap space
#   The process is running with CompressedOops enabled, and the Java Heap may be blocking the growth of the native heap
# Possible solutions:
#   Reduce memory load on the system
#   Increase physical memory or swap space
#   Check if swap backing store is full
#   Decrease Java heap size (-Xmx/-Xms)
#   Decrease number of Java threads
#   Decrease Java thread stack sizes (-Xss)
#   Set larger code cache with -XX:ReservedCodeCacheSize=
#   JVM is running with Unscaled Compressed Oops mode in which the Java heap is
#     placed in the first 4GB address space. The Java Heap base address is the
#     maximum limit for the native heap growth. Please use -XX:HeapBaseMinAddress
#     to set the Java Heap base and to place the Java Heap above 4GB virtual address.
# This output file may be truncated or incomplete.
#
#  Out of Memory Error (./open/src/hotspot/share/memory/arena.cpp:195), pid=13164, tid=1552
#
# JRE version: Java(TM) SE Runtime Environment (14.0.2+12) (build 14.0.2+12-46)
# Java VM: Java HotSpot(TM) 64-Bit Server VM (14.0.2+12-46, mixed mode, sharing, tiered, compressed oops, g1 gc, windows-amd64)
# No core dump will be written. Minidumps are not enabled by default on client versions of Windows
#

---------------  S U M M A R Y ------------

Command Line: -javaagent:C:\Program Files\JetBrains\IntelliJ IDEA Community Edition 2021.3.1\lib\idea_rt.jar=2717:C:\Program Files\JetBrains\IntelliJ IDEA Community Edition 2021.3.1\bin -Dfile.encoding=UTF-8 com.leo.rest.RestApplication

Host: Intel(R) Core(TM) i5-7200U CPU @ 2.50GHz, 4 cores, 7G,  Windows 10 , 64 bit Build 19041 (10.0.19041.1202)
Time: Wed Jan 12 19:54:48 2022 India Standard Time elapsed time: 4 seconds (0d 0h 0m 4s)

---------------  T H R E A D  ---------------

Current thread (0x00000230b8c99800):  JavaThread "C2 CompilerThread0" daemon [_thread_in_native, id=1552, stack(0x000000327cb00000,0x000000327cc00000)]


Current CompileTask:
C2:   4614 2369       4       java.net.URLStreamHandler::parseURL (1201 bytes)

Stack: [0x000000327cb00000,0x000000327cc00000]
Native frames: (J=compiled Java code, j=interpreted, Vv=VM code, C=native code)
V  [jvm.dll+0x5f8a9a]
V  [jvm.dll+0x74247a]
V  [jvm.dll+0x743c2f]
V  [jvm.dll+0x744273]
V  [jvm.dll+0x20d288]
V  [jvm.dll+0xabb07]
V  [jvm.dll+0xac1fc]
V  [jvm.dll+0x31c438]
V  [jvm.dll+0x2e6b38]
V  [jvm.dll+0x2e5f3a]
V  [jvm.dll+0x1e5e16]
V  [jvm.dll+0x1e50b8]
V  [jvm.dll+0x1779cc]
V  [jvm.dll+0x1f4105]
V  [jvm.dll+0x1f22eb]
V  [jvm.dll+0x7070cd]
V  [jvm.dll+0x6ffeda]
V  [jvm.dll+0x5f78f6]
C  [ucrtbase.dll+0x21bb2]
C  [KERNEL32.DLL+0x17034]
C  [ntdll.dll+0x52651]


---------------  P R O C E S S  ---------------

Threads class SMR info:
_java_thread_list=0x00000230ba90dbd0, length=13, elements={
0x00000230985ed800, 0x00000230b8c76800, 0x00000230b8c78000, 0x00000230b8c91800,
0x00000230b8c95800, 0x00000230b8c96800, 0x00000230b8c99800, 0x00000230b8c9b000,
0x00000230b9628800, 0x00000230b965e000, 0x00000230b9950800, 0x00000230b9951800,
0x00000230ba608800
}

Java Threads: ( => current thread )
  0x00000230985ed800 JavaThread "main" [_thread_in_vm, id=18152, stack(0x000000327bf00000,0x000000327c000000)]
  0x00000230b8c76800 JavaThread "Reference Handler" daemon [_thread_blocked, id=14612, stack(0x000000327c600000,0x000000327c700000)]
  0x00000230b8c78000 JavaThread "Finalizer" daemon [_thread_blocked, id=11544, stack(0x000000327c700000,0x000000327c800000)]
  0x00000230b8c91800 JavaThread "Signal Dispatcher" daemon [_thread_blocked, id=17856, stack(0x000000327c800000,0x000000327c900000)]
  0x00000230b8c95800 JavaThread "Attach Listener" daemon [_thread_blocked, id=14468, stack(0x000000327c900000,0x000000327ca00000)]
  0x00000230b8c96800 JavaThread "Service Thread" daemon [_thread_blocked, id=11516, stack(0x000000327ca00000,0x000000327cb00000)]
=>0x00000230b8c99800 JavaThread "C2 CompilerThread0" daemon [_thread_in_native, id=1552, stack(0x000000327cb00000,0x000000327cc00000)]
  0x00000230b8c9b000 JavaThread "C1 CompilerThread0" daemon [_thread_blocked, id=4768, stack(0x000000327cc00000,0x000000327cd00000)]
  0x00000230b9628800 JavaThread "Sweeper thread" daemon [_thread_blocked, id=11664, stack(0x000000327cd00000,0x000000327ce00000)]
  0x00000230b965e000 JavaThread "Common-Cleaner" daemon [_thread_blocked, id=9660, stack(0x000000327ce00000,0x000000327cf00000)]
  0x00000230b9950800 JavaThread "Monitor Ctrl-Break" daemon [_thread_in_native, id=3144, stack(0x000000327cf00000,0x000000327d000000)]
  0x00000230b9951800 JavaThread "Notification Thread" daemon [_thread_blocked, id=17548, stack(0x000000327d000000,0x000000327d100000)]
  0x00000230ba608800 JavaThread "C2 CompilerThread1" daemon [_thread_blocked, id=7684, stack(0x000000327d600000,0x000000327d700000)]

Other Threads:
  0x00000230b8c75000 VMThread "VM Thread" [stack: 0x000000327c500000,0x000000327c600000] [id=17892]
  0x00000230b98cf000 WatcherThread [stack: 0x000000327d100000,0x000000327d200000] [id=3480]
  0x000002309862b800 GCTaskThread "GC Thread#0" [stack: 0x000000327c000000,0x000000327c100000] [id=6520]
  0x00000230b9b88000 GCTaskThread "GC Thread#1" [stack: 0x000000327d200000,0x000000327d300000] [id=10496]
  0x00000230b9c19800 GCTaskThread "GC Thread#2" [stack: 0x000000327d300000,0x000000327d400000] [id=17308]
  0x00000230ba062800 GCTaskThread "GC Thread#3" [stack: 0x000000327d500000,0x000000327d600000] [id=8576]
  0x000002309863c800 ConcurrentGCThread "G1 Main Marker" [stack: 0x000000327c100000,0x000000327c200000] [id=13772]
  0x000002309863e000 ConcurrentGCThread "G1 Conc#0" [stack: 0x000000327c200000,0x000000327c300000] [id=6004]
  0x00000230b8af0800 ConcurrentGCThread "G1 Refine#0" [stack: 0x000000327c300000,0x000000327c400000] [id=3244]
  0x00000230b9762800 ConcurrentGCThread "G1 Refine#1" [stack: 0x000000327d400000,0x000000327d500000] [id=5832]
  0x00000230b8af1800 ConcurrentGCThread "G1 Young RemSet Sampling" [stack: 0x000000327c400000,0x000000327c500000] [id=16752]

Threads with active compile tasks:
C2 CompilerThread0     4659 2369       4       java.net.URLStreamHandler::parseURL (1201 bytes)

VM state:not at safepoint (normal execution)

VM Mutex/Monitor currently owned by a thread: None

Heap address: 0x0000000082000000, size: 2016 MB, Compressed Oops mode: 32-bit
Narrow klass base: 0x0000000800000000, Narrow klass shift: 3
Compressed class space size: 1073741824 Address: 0x0000000800b30000

Heap:
 garbage-first heap   total 34816K, used 9330K [0x0000000082000000, 0x0000000100000000)
  region size 1024K, 7 young (7168K), 5 survivors (5120K)
 Metaspace       used 18503K, capacity 19131K, committed 19200K, reserved 1071104K
  class space    used 2280K, capacity 2503K, committed 2560K, reserved 1048576K
Heap Regions: E=young(eden), S=young(survivor), O=old, HS=humongous(starts), HC=humongous(continues), CS=collection set, F=free, OA=open archive, CA=closed archive, TAMS=top-at-mark-start (previous, next)
|   0|0x0000000082000000, 0x0000000082100000, 0x0000000082100000|100%| O|  |TAMS 0x0000000082100000, 0x0000000082000000| Untracked 
|   1|0x0000000082100000, 0x0000000082200000, 0x0000000082200000|100%| O|  |TAMS 0x0000000082200000, 0x0000000082100000| Untracked 
|   2|0x0000000082200000, 0x0000000082300000, 0x0000000082300000|100%| O|  |TAMS 0x0000000082300000, 0x0000000082200000| Untracked 
|   3|0x0000000082300000, 0x0000000082400000, 0x0000000082400000|100%| O|  |TAMS 0x0000000082400000, 0x0000000082300000| Untracked 
|   4|0x0000000082400000, 0x0000000082400000, 0x0000000082500000|  0%| F|  |TAMS 0x0000000082400000, 0x0000000082400000| Untracked 
|   5|0x0000000082500000, 0x0000000082500000, 0x0000000082600000|  0%| F|  |TAMS 0x0000000082500000, 0x0000000082500000| Untracked 
|   6|0x0000000082600000, 0x0000000082600000, 0x0000000082700000|  0%| F|  |TAMS 0x0000000082600000, 0x0000000082600000| Untracked 
|   7|0x0000000082700000, 0x0000000082700000, 0x0000000082800000|  0%| F|  |TAMS 0x0000000082700000, 0x0000000082700000| Untracked 
|   8|0x0000000082800000, 0x0000000082800000, 0x0000000082900000|  0%| F|  |TAMS 0x0000000082800000, 0x0000000082800000| Untracked 
|   9|0x0000000082900000, 0x0000000082900000, 0x0000000082a00000|  0%| F|  |TAMS 0x0000000082900000, 0x0000000082900000| Untracked 
|  10|0x0000000082a00000, 0x0000000082a00000, 0x0000000082b00000|  0%| F|  |TAMS 0x0000000082a00000, 0x0000000082a00000| Untracked 
|  11|0x0000000082b00000, 0x0000000082b00000, 0x0000000082c00000|  0%| F|  |TAMS 0x0000000082b00000, 0x0000000082b00000| Untracked 
|  12|0x0000000082c00000, 0x0000000082c00000, 0x0000000082d00000|  0%| F|  |TAMS 0x0000000082c00000, 0x0000000082c00000| Untracked 
|  13|0x0000000082d00000, 0x0000000082d00000, 0x0000000082e00000|  0%| F|  |TAMS 0x0000000082d00000, 0x0000000082d00000| Untracked 
|  14|0x0000000082e00000, 0x0000000082e00000, 0x0000000082f00000|  0%| F|  |TAMS 0x0000000082e00000, 0x0000000082e00000| Untracked 
|  15|0x0000000082f00000, 0x0000000082f00000, 0x0000000083000000|  0%| F|  |TAMS 0x0000000082f00000, 0x0000000082f00000| Untracked 
|  16|0x0000000083000000, 0x0000000083000000, 0x0000000083100000|  0%| F|  |TAMS 0x0000000083000000, 0x0000000083000000| Untracked 
|  17|0x0000000083100000, 0x0000000083100000, 0x0000000083200000|  0%| F|  |TAMS 0x0000000083100000, 0x0000000083100000| Untracked 
|  18|0x0000000083200000, 0x0000000083200000, 0x0000000083300000|  0%| F|  |TAMS 0x0000000083200000, 0x0000000083200000| Untracked 
|  19|0x0000000083300000, 0x0000000083300000, 0x0000000083400000|  0%| F|  |TAMS 0x0000000083300000, 0x0000000083300000| Untracked 
|  20|0x0000000083400000, 0x0000000083400000, 0x0000000083500000|  0%| F|  |TAMS 0x0000000083400000, 0x0000000083400000| Untracked 
|  21|0x0000000083500000, 0x0000000083500000, 0x0000000083600000|  0%| F|  |TAMS 0x0000000083500000, 0x0000000083500000| Untracked 
|  22|0x0000000083600000, 0x0000000083600000, 0x0000000083700000|  0%| F|  |TAMS 0x0000000083600000, 0x0000000083600000| Untracked 
|  23|0x0000000083700000, 0x0000000083700000, 0x0000000083800000|  0%| F|  |TAMS 0x0000000083700000, 0x0000000083700000| Untracked 
|  24|0x0000000083800000, 0x0000000083800000, 0x0000000083900000|  0%| F|  |TAMS 0x0000000083800000, 0x0000000083800000| Untracked 
|  25|0x0000000083900000, 0x0000000083900000, 0x0000000083a00000|  0%| F|  |TAMS 0x0000000083900000, 0x0000000083900000| Untracked 
|  26|0x0000000083a00000, 0x0000000083a00000, 0x0000000083b00000|  0%| F|  |TAMS 0x0000000083a00000, 0x0000000083a00000| Untracked 
|  27|0x0000000083b00000, 0x0000000083bb1bf0, 0x0000000083c00000| 69%| E|  |TAMS 0x0000000083b00000, 0x0000000083b00000| Complete 
|  68|0x0000000086400000, 0x000000008641cb68, 0x0000000086500000| 11%| S|CS|TAMS 0x0000000086400000, 0x0000000086400000| Complete 
|  69|0x0000000086500000, 0x0000000086600000, 0x0000000086600000|100%| S|CS|TAMS 0x0000000086500000, 0x0000000086500000| Complete 
|  70|0x0000000086600000, 0x0000000086700000, 0x0000000086700000|100%| S|CS|TAMS 0x0000000086600000, 0x0000000086600000| Complete 
|  71|0x0000000086700000, 0x0000000086800000, 0x0000000086800000|100%| S|CS|TAMS 0x0000000086700000, 0x0000000086700000| Complete 
|  72|0x0000000086800000, 0x0000000086900000, 0x0000000086900000|100%| S|CS|TAMS 0x0000000086800000, 0x0000000086800000| Complete 
| 125|0x0000000089d00000, 0x0000000089e00000, 0x0000000089e00000|100%| E|CS|TAMS 0x0000000089d00000, 0x0000000089d00000| Complete 

Card table byte_map: [0x00000230b1f70000,0x00000230b2360000] _byte_map_base: 0x00000230b1b60000

Marking Bits (Prev, Next): (CMBitMap*) 0x000002309862c168, (CMBitMap*) 0x000002309862c128
 Prev Bits: [0x00000230b46d0000, 0x00000230b6650000)
 Next Bits: [0x00000230b2750000, 0x00000230b46d0000)

Polling page: 0x00000230984b0000

Metaspace:

Usage:
  Non-class:     16.24 MB capacity,    15.86 MB ( 98%) used,   322.61 KB (  2%) free+waste,    66.31 KB ( <1%) overhead. 
      Class:      2.44 MB capacity,     2.23 MB ( 91%) used,   188.13 KB (  8%) free+waste,    33.06 KB (  1%) overhead. 
       Both:     18.68 MB capacity,    18.09 MB ( 97%) used,   510.73 KB (  3%) free+waste,    99.38 KB ( <1%) overhead. 

Virtual space:
  Non-class space:       22.00 MB reserved,      16.25 MB ( 74%) committed 
      Class space:        1.00 GB reserved,       2.50 MB ( <1%) committed 
             Both:        1.02 GB reserved,      18.75 MB (  2%) committed 

Chunk freelists:
   Non-Class:  12.00 KB
       Class:  25.00 KB
        Both:  37.00 KB

MaxMetaspaceSize: 17179869184.00 GB
CompressedClassSpaceSize: 1.00 GB

CodeHeap 'non-profiled nmethods': size=120000Kb used=1162Kb max_used=1162Kb free=118837Kb
 bounds [0x00000230aa030000, 0x00000230aa2a0000, 0x00000230b1560000]
CodeHeap 'profiled nmethods': size=120000Kb used=5144Kb max_used=5144Kb free=114855Kb
 bounds [0x00000230a2b00000, 0x00000230a3010000, 0x00000230aa030000]
CodeHeap 'non-nmethods': size=5760Kb used=1207Kb max_used=1263Kb free=4552Kb
 bounds [0x00000230a2560000, 0x00000230a27d0000, 0x00000230a2b00000]
 total_blobs=2959 nmethods=2491 adapters=380
 compilation: enabled
              stopped_count=0, restarted_count=0
 full_count=0

Compilation events (20 events):
Event: 4.510 Thread 0x00000230b8c9b000 2468   !   3       org.springframework.core.annotation.AttributeMethods::isValid (51 bytes)
Event: 4.512 Thread 0x00000230b8c9b000 nmethod 2468 0x00000230a2ff6510 code [0x00000230a2ff67c0, 0x00000230a2ff7528]
Event: 4.512 Thread 0x00000230b8c9b000 2469       1       sun.reflect.generics.repository.AbstractRepository::getTree (5 bytes)
Event: 4.512 Thread 0x00000230b8c9b000 nmethod 2469 0x00000230aa14cc90 code [0x00000230aa14ce20, 0x00000230aa14cef8]
Event: 4.513 Thread 0x00000230b8c9b000 2470       3       sun.reflect.annotation.AnnotationInvocationHandler::cloneArray (143 bytes)
Event: 4.520 Thread 0x00000230b8c9b000 nmethod 2470 0x00000230a2ff7b90 code [0x00000230a2ff7e60, 0x00000230a2ff92e8]
Event: 4.520 Thread 0x00000230b8c9b000 2472       3       jdk.internal.util.ArraysSupport::newLength (23 bytes)
Event: 4.521 Thread 0x00000230b8c9b000 nmethod 2472 0x00000230a2ff9610 code [0x00000230a2ff97e0, 0x00000230a2ff9b88]
Event: 4.521 Thread 0x00000230b8c9b000 2475       3       java.lang.Enum::valueOf (73 bytes)
Event: 4.522 Thread 0x00000230b8c9b000 nmethod 2475 0x00000230a2ff9d10 code [0x00000230a2ff9fe0, 0x00000230a2ffad18]
Event: 4.522 Thread 0x00000230b8c9b000 2473       3       org.springframework.boot.autoconfigure.condition.ConditionMessage::<init> (6 bytes)
Event: 4.522 Thread 0x00000230b8c9b000 nmethod 2473 0x00000230a2ffb190 code [0x00000230a2ffb340, 0x00000230a2ffb558]
Event: 4.522 Thread 0x00000230b8c9b000 2474       3       org.springframework.boot.autoconfigure.condition.ConditionMessage::<init> (10 bytes)
Event: 4.522 Thread 0x00000230b8c9b000 nmethod 2474 0x00000230a2ffb610 code [0x00000230a2ffb7a0, 0x00000230a2ffb978]
Event: 4.522 Thread 0x00000230b8c9b000 2476       1       org.springframework.context.annotation.ConfigurationClassBeanDefinitionReader$ConfigurationClassBeanDefinition::getMetadata (5 bytes)
Event: 4.522 Thread 0x00000230b8c9b000 nmethod 2476 0x00000230aa14cf90 code [0x00000230aa14d120, 0x00000230aa14d1f8]
Event: 4.523 Thread 0x00000230b8c9b000 2477       1       org.springframework.beans.factory.support.AbstractBeanDefinition::setRole (6 bytes)
Event: 4.523 Thread 0x00000230b8c9b000 nmethod 2477 0x00000230aa14d290 code [0x00000230aa14d420, 0x00000230aa14d4f8]
Event: 4.526 Thread 0x00000230b8c9b000 2478       3       org.springframework.beans.factory.support.AbstractBeanDefinition::getBeanClassName (25 bytes)
Event: 4.526 Thread 0x00000230b8c9b000 nmethod 2478 0x00000230a2ffba10 code [0x00000230a2ffbbe0, 0x00000230a2ffc148]

GC Heap History (7 events):
Event: 0.981 GC heap before
{Heap before GC invocations=0 (full 0):
 garbage-first heap   total 129024K, used 12288K [0x0000000082000000, 0x0000000100000000)
  region size 1024K, 13 young (13312K), 0 survivors (0K)
 Metaspace       used 3098K, capacity 5662K, committed 5760K, reserved 1056768K
  class space    used 310K, capacity 568K, committed 640K, reserved 1048576K
}
Event: 0.992 GC heap after
{Heap after GC invocations=1 (full 0):
 garbage-first heap   total 129024K, used 4112K [0x0000000082000000, 0x0000000100000000)
  region size 1024K, 2 young (2048K), 2 survivors (2048K)
 Metaspace       used 3098K, capacity 5662K, committed 5760K, reserved 1056768K
  class space    used 310K, capacity 568K, committed 640K, reserved 1048576K
}
Event: 1.355 GC heap before
{Heap before GC invocations=1 (full 0):
 garbage-first heap   total 129024K, used 15376K [0x0000000082000000, 0x0000000100000000)
  region size 1024K, 13 young (13312K), 2 survivors (2048K)
 Metaspace       used 5433K, capacity 7228K, committed 7552K, reserved 1056768K
  class space    used 629K, capacity 818K, committed 896K, reserved 1048576K
}
Event: 1.360 GC heap after
{Heap after GC invocations=2 (full 0):
 garbage-first heap   total 129024K, used 4886K [0x0000000082000000, 0x0000000100000000)
  region size 1024K, 1 young (1024K), 1 survivors (1024K)
 Metaspace       used 5433K, capacity 7228K, committed 7552K, reserved 1056768K
  class space    used 629K, capacity 818K, committed 896K, reserved 1048576K
}
Event: 2.313 GC heap before
{Heap before GC invocations=2 (full 0):
 garbage-first heap   total 129024K, used 30486K [0x0000000082000000, 0x0000000100000000)
  region size 1024K, 26 young (26624K), 1 survivors (1024K)
 Metaspace       used 11258K, capacity 12022K, committed 12032K, reserved 1060864K
  class space    used 1383K, capacity 1533K, committed 1536K, reserved 1048576K
}
Event: 2.325 GC heap after
{Heap after GC invocations=3 (full 0):
 garbage-first heap   total 129024K, used 6248K [0x0000000082000000, 0x0000000100000000)
  region size 1024K, 3 young (3072K), 3 survivors (3072K)
 Metaspace       used 11258K, capacity 12022K, committed 12032K, reserved 1060864K
  class space    used 1383K, capacity 1533K, committed 1536K, reserved 1048576K
}
Event: 4.527 GC heap before
{Heap before GC invocations=3 (full 0):
 garbage-first heap   total 129024K, used 55400K [0x0000000082000000, 0x0000000100000000)
  region size 1024K, 53 young (54272K), 3 survivors (3072K)
 Metaspace       used 18313K, capacity 18872K, committed 18944K, reserved 1071104K
  class space    used 2255K, capacity 2502K, committed 2560K, reserved 1048576K
}

Deoptimization events (20 events):
Event: 4.181 Thread 0x00000230985ed800 Uncommon trap: trap_request=0xffffffde fr.pc=0x00000230aa03bb60 relative=0x00000000000001c0
Event: 4.181 Thread 0x00000230985ed800 Uncommon trap: reason=class_check action=maybe_recompile pc=0x00000230aa03bb60 method=java.lang.String.equals(Ljava/lang/Object;)Z @ 8 c2
Event: 4.181 Thread 0x00000230985ed800 DEOPT PACKING pc=0x00000230aa03bb60 sp=0x000000327bffe7f0
Event: 4.181 Thread 0x00000230985ed800 DEOPT UNPACKING pc=0x00000230a25a912f sp=0x000000327bffe788 mode 2
Event: 4.181 Thread 0x00000230985ed800 Uncommon trap: trap_request=0xffffffde fr.pc=0x00000230aa03bb60 relative=0x00000000000001c0
Event: 4.181 Thread 0x00000230985ed800 Uncommon trap: reason=class_check action=maybe_recompile pc=0x00000230aa03bb60 method=java.lang.String.equals(Ljava/lang/Object;)Z @ 8 c2
Event: 4.181 Thread 0x00000230985ed800 DEOPT PACKING pc=0x00000230aa03bb60 sp=0x000000327bffe7f0
Event: 4.181 Thread 0x00000230985ed800 DEOPT UNPACKING pc=0x00000230a25a912f sp=0x000000327bffe788 mode 2
Event: 4.181 Thread 0x00000230985ed800 Uncommon trap: trap_request=0xffffffde fr.pc=0x00000230aa03bb60 relative=0x00000000000001c0
Event: 4.181 Thread 0x00000230985ed800 Uncommon trap: reason=class_check action=maybe_recompile pc=0x00000230aa03bb60 method=java.lang.String.equals(Ljava/lang/Object;)Z @ 8 c2
Event: 4.181 Thread 0x00000230985ed800 DEOPT PACKING pc=0x00000230aa03bb60 sp=0x000000327bffe7f0
Event: 4.181 Thread 0x00000230985ed800 DEOPT UNPACKING pc=0x00000230a25a912f sp=0x000000327bffe788 mode 2
Event: 4.182 Thread 0x00000230985ed800 Uncommon trap: trap_request=0xffffffde fr.pc=0x00000230aa03bb60 relative=0x00000000000001c0
Event: 4.182 Thread 0x00000230985ed800 Uncommon trap: reason=class_check action=maybe_recompile pc=0x00000230aa03bb60 method=java.lang.String.equals(Ljava/lang/Object;)Z @ 8 c2
Event: 4.182 Thread 0x00000230985ed800 DEOPT PACKING pc=0x00000230aa03bb60 sp=0x000000327bffe440
Event: 4.182 Thread 0x00000230985ed800 DEOPT UNPACKING pc=0x00000230a25a912f sp=0x000000327bffe3d8 mode 2
Event: 4.382 Thread 0x00000230985ed800 Uncommon trap: trap_request=0xffffff45 fr.pc=0x00000230aa0b00f4 relative=0x0000000000000114
Event: 4.382 Thread 0x00000230985ed800 Uncommon trap: reason=unstable_if action=reinterpret pc=0x00000230aa0b00f4 method=java.util.Arrays.equals([Ljava/lang/Object;[Ljava/lang/Object;)Z @ 44 c2
Event: 4.382 Thread 0x00000230985ed800 DEOPT PACKING pc=0x00000230aa0b00f4 sp=0x000000327bffde00
Event: 4.382 Thread 0x00000230985ed800 DEOPT UNPACKING pc=0x00000230a25a912f sp=0x000000327bffdda0 mode 2

Classes unloaded (0 events):
No events

Classes redefined (0 events):
No events

Internal exceptions (20 events):
Event: 2.610 Thread 0x00000230985ed800 Exception <a 'java/lang/ClassNotFoundException'{0x00000000893679e8}: org/springframework/context/annotation/ConfigurationClassPostProcessorCustomizer> (0x00000000893679e8) 
thrown [./open/src/hotspot/share/classfile/systemDictionary.cpp, line 226]
Event: 2.615 Thread 0x00000230985ed800 Exception <a 'java/lang/ClassNotFoundException'{0x0000000089195078}: org/springframework/beans/factory/support/BeanDefinitionRegistryPostProcessorCustomizer> (0x0000000089195078) 
thrown [./open/src/hotspot/share/classfile/systemDictionary.cpp, line 226]
Event: 2.615 Thread 0x00000230985ed800 Exception <a 'java/lang/ClassNotFoundException'{0x00000000891a3da0}: org/springframework/beans/factory/config/BeanFactoryPostProcessorCustomizer> (0x00000000891a3da0) 
thrown [./open/src/hotspot/share/classfile/systemDictionary.cpp, line 226]
Event: 2.616 Thread 0x00000230985ed800 Exception <a 'java/lang/ClassNotFoundException'{0x00000000891b05a8}: org/springframework/core/PriorityOrderedCustomizer> (0x00000000891b05a8) 
thrown [./open/src/hotspot/share/classfile/systemDictionary.cpp, line 226]
Event: 2.617 Thread 0x00000230985ed800 Exception <a 'java/lang/ClassNotFoundException'{0x00000000891baef8}: org/springframework/core/OrderedCustomizer> (0x00000000891baef8) 
thrown [./open/src/hotspot/share/classfile/systemDictionary.cpp, line 226]
Event: 2.617 Thread 0x00000230985ed800 Exception <a 'java/lang/ClassNotFoundException'{0x00000000891c7dc0}: org/springframework/context/ResourceLoaderAwareCustomizer> (0x00000000891c7dc0) 
thrown [./open/src/hotspot/share/classfile/systemDictionary.cpp, line 226]
Event: 2.618 Thread 0x00000230985ed800 Exception <a 'java/lang/ClassNotFoundException'{0x00000000891d42a0}: org/springframework/beans/factory/AwareCustomizer> (0x00000000891d42a0) 
thrown [./open/src/hotspot/share/classfile/systemDictionary.cpp, line 226]
Event: 2.618 Thread 0x00000230985ed800 Exception <a 'java/lang/ClassNotFoundException'{0x00000000891e0978}: org/springframework/context/ApplicationStartupAwareCustomizer> (0x00000000891e0978) 
thrown [./open/src/hotspot/share/classfile/systemDictionary.cpp, line 226]
Event: 2.619 Thread 0x00000230985ed800 Exception <a 'java/lang/ClassNotFoundException'{0x00000000891ed0d0}: org/springframework/beans/factory/AwareCustomizer> (0x00000000891ed0d0) 
thrown [./open/src/hotspot/share/classfile/systemDictionary.cpp, line 226]
Event: 2.619 Thread 0x00000230985ed800 Exception <a 'java/lang/ClassNotFoundException'{0x00000000891f9bd0}: org/springframework/beans/factory/BeanClassLoaderAwareCustomizer> (0x00000000891f9bd0) 
thrown [./open/src/hotspot/share/classfile/systemDictionary.cpp, line 226]
Event: 2.620 Thread 0x00000230985ed800 Exception <a 'java/lang/ClassNotFoundException'{0x000000008907f0f0}: org/springframework/beans/factory/AwareCustomizer> (0x000000008907f0f0) 
thrown [./open/src/hotspot/share/classfile/systemDictionary.cpp, line 226]
Event: 2.620 Thread 0x00000230985ed800 Exception <a 'java/lang/ClassNotFoundException'{0x000000008908ae90}: org/springframework/context/EnvironmentAwareCustomizer> (0x000000008908ae90) 
thrown [./open/src/hotspot/share/classfile/systemDictionary.cpp, line 226]
Event: 2.621 Thread 0x00000230985ed800 Exception <a 'java/lang/ClassNotFoundException'{0x0000000089097300}: org/springframework/beans/factory/AwareCustomizer> (0x0000000089097300) 
thrown [./open/src/hotspot/share/classfile/systemDictionary.cpp, line 226]
Event: 2.693 Thread 0x00000230ba1c4000 Exception <a 'java/lang/NoSuchMethodError'{0x0000000088c22740}: 'long java.lang.invoke.DirectMethodHandle$Holder.invokeStatic(java.lang.Object, java.lang.Object)'> (0x0000000088c22740) 
thrown [./open/src/hotspot/share/interpreter/linkResolver.cpp, line 766]
Event: 2.694 Thread 0x00000230ba1c4000 Exception <a 'java/lang/NoSuchMethodError'{0x0000000088c25448}: 'long java.lang.invoke.DirectMethodHandle$Holder.invokeStaticInit(java.lang.Object, java.lang.Object)'> (0x0000000088c25448) 
thrown [./open/src/hotspot/share/interpreter/linkResolver.cpp, line 766]
Event: 2.697 Thread 0x00000230ba1c4000 Exception <a 'java/lang/NoSuchMethodError'{0x0000000088c30ec0}: 'long java.lang.invoke.DirectMethodHandle$Holder.invokeInterface(java.lang.Object, java.lang.Object)'> (0x0000000088c30ec0) 
thrown [./open/src/hotspot/share/interpreter/linkResolver.cpp, line 766]
Event: 2.697 Thread 0x00000230ba1c4000 Exception <a 'java/lang/IncompatibleClassChangeError'{0x0000000088c339e8}: Found class java.lang.Object, but interface was expected> (0x0000000088c339e8) 
thrown [./open/src/hotspot/share/interpreter/linkResolver.cpp, line 832]
Event: 2.730 Thread 0x00000230ba1c4000 Exception <a 'java/lang/NoSuchMethodError'{0x0000000088be43e8}: 'java.lang.Object java.lang.invoke.DirectMethodHandle$Holder.invokeVirtual(java.lang.Object, java.lang.Object, java.lang.Object, java.lang.Object)'> (0x0000000088be43e8) 
thrown [./open/src/hotspot/share/interpreter/linkResolver.cpp, line 766]
Event: 3.215 Thread 0x00000230985ed800 Exception <a 'java/lang/IncompatibleClassChangeError'{0x0000000087e4b858}: Found class java.lang.Object, but interface was expected> (0x0000000087e4b858) 
thrown [./open/src/hotspot/share/interpreter/linkResolver.cpp, line 832]
Event: 3.319 Thread 0x00000230985ed800 Exception <a 'java/lang/NoSuchMethodError'{0x0000000087dbccd0}: 'void java.lang.invoke.DirectMethodHandle$Holder.invokeInterface(java.lang.Object, java.lang.Object, java.lang.Object, java.lang.Object)'> (0x0000000087dbccd0) 
thrown [./open/src/hotspot/share/interpreter/linkResolver.cpp, line 766]

Events (20 events):
Event: 3.171 Executing VM operation: HandshakeOneThread done
Event: 3.171 Executing VM operation: HandshakeOneThread
Event: 3.171 Executing VM operation: HandshakeOneThread done
Event: 3.176 Executing VM operation: BulkRevokeBias
Event: 3.177 Executing VM operation: BulkRevokeBias done
Event: 3.180 Executing VM operation: HandshakeOneThread
Event: 3.180 Executing VM operation: HandshakeOneThread done
Event: 3.183 Executing VM operation: HandshakeOneThread
Event: 3.183 Executing VM operation: HandshakeOneThread done
Event: 3.183 Thread 0x00000230ba1c4000 Thread exited: 0x00000230ba1c4000
Event: 3.215 loading class java/util/HashMap$KeySpliterator
Event: 3.215 loading class java/util/HashMap$KeySpliterator done
Event: 3.333 loading class jdk/internal/access/foreign/MemorySegmentProxy
Event: 3.333 loading class jdk/internal/access/foreign/MemorySegmentProxy done
Event: 4.131 Loaded shared library C:\Program Files\Java\jdk-14.0.2\bin\java.dll
Event: 4.136 Executing VM operation: ICBufferFull
Event: 4.136 Executing VM operation: ICBufferFull done
Event: 4.175 Executing VM operation: HandshakeAllThreads
Event: 4.175 Executing VM operation: HandshakeAllThreads done
Event: 4.526 Executing VM operation: CollectForMetadataAllocation


Dynamic libraries:
0x00007ff688f80000 - 0x00007ff688f8f000 	C:\Program Files\Java\jdk-14.0.2\bin\java.exe
0x00007ffd1b3b0000 - 0x00007ffd1b5a5000 	C:\WINDOWS\SYSTEM32\ntdll.dll
0x00007ffd1af80000 - 0x00007ffd1b03e000 	C:\WINDOWS\System32\KERNEL32.DLL
0x00007ffd18e50000 - 0x00007ffd19119000 	C:\WINDOWS\System32\KERNELBASE.dll
0x00007ffd18d50000 - 0x00007ffd18e50000 	C:\WINDOWS\System32\ucrtbase.dll
0x00007ffd0ec40000 - 0x00007ffd0ec58000 	C:\Program Files\Java\jdk-14.0.2\bin\jli.dll
0x00007ffd1b2c0000 - 0x00007ffd1b36c000 	C:\WINDOWS\System32\ADVAPI32.dll
0x00007ffd1aee0000 - 0x00007ffd1af7e000 	C:\WINDOWS\System32\msvcrt.dll
0x00007ffd1a220000 - 0x00007ffd1a2bb000 	C:\WINDOWS\System32\sechost.dll
0x00007ffd1aa60000 - 0x00007ffd1ab8a000 	C:\WINDOWS\System32\RPCRT4.dll
0x00007ffd19ea0000 - 0x00007ffd1a041000 	C:\WINDOWS\System32\USER32.dll
0x00007ffd18ad0000 - 0x00007ffd18af2000 	C:\WINDOWS\System32\win32u.dll
0x00007ffd1a1b0000 - 0x00007ffd1a1db000 	C:\WINDOWS\System32\GDI32.dll
0x00007ffd18c40000 - 0x00007ffd18d4b000 	C:\WINDOWS\System32\gdi32full.dll
0x00007ffd19120000 - 0x00007ffd191bd000 	C:\WINDOWS\System32\msvcp_win.dll
0x00007ffd12530000 - 0x00007ffd12545000 	C:\Program Files\Java\jdk-14.0.2\bin\VCRUNTIME140.dll
0x00007ffd054d0000 - 0x00007ffd0576a000 	C:\WINDOWS\WinSxS\amd64_microsoft.windows.common-controls_6595b64144ccf1df_6.0.19041.1110_none_60b5254171f9507e\COMCTL32.dll
0x00007ffd12260000 - 0x00007ffd1226a000 	C:\WINDOWS\SYSTEM32\VERSION.dll
0x00007ffd1a1e0000 - 0x00007ffd1a210000 	C:\WINDOWS\System32\IMM32.DLL
0x00007ffcfed10000 - 0x00007ffcfedab000 	C:\Program Files\Java\jdk-14.0.2\bin\msvcp140.dll
0x00007ffcb6180000 - 0x00007ffcb6c9e000 	C:\Program Files\Java\jdk-14.0.2\bin\server\jvm.dll
0x00007ffd1a210000 - 0x00007ffd1a218000 	C:\WINDOWS\System32\PSAPI.DLL
0x00007ffcf41d0000 - 0x00007ffcf41d9000 	C:\WINDOWS\SYSTEM32\WSOCK32.dll
0x00007ffd1b0a0000 - 0x00007ffd1b10b000 	C:\WINDOWS\System32\WS2_32.dll
0x00007ffd04730000 - 0x00007ffd04757000 	C:\WINDOWS\SYSTEM32\WINMM.dll
0x00007ffd16a00000 - 0x00007ffd16a12000 	C:\WINDOWS\SYSTEM32\kernel.appcore.dll
0x00007ffd132d0000 - 0x00007ffd132da000 	C:\Program Files\Java\jdk-14.0.2\bin\jimage.dll
0x00007ffd166a0000 - 0x00007ffd16884000 	C:\WINDOWS\SYSTEM32\DBGHELP.DLL
0x00007ffd047e0000 - 0x00007ffd0480c000 	C:\WINDOWS\SYSTEM32\dbgcore.DLL
0x00007ffd18b60000 - 0x00007ffd18be3000 	C:\WINDOWS\System32\bcryptPrimitives.dll
0x00007ffd12520000 - 0x00007ffd1252e000 	C:\Program Files\Java\jdk-14.0.2\bin\instrument.dll
0x00007ffd057d0000 - 0x00007ffd057f5000 	C:\Program Files\Java\jdk-14.0.2\bin\java.dll
0x00007ffd00740000 - 0x00007ffd00756000 	C:\Program Files\Java\jdk-14.0.2\bin\zip.dll
0x00007ffd1a320000 - 0x00007ffd1aa5f000 	C:\WINDOWS\System32\SHELL32.dll
0x00007ffd16b70000 - 0x00007ffd17300000 	C:\WINDOWS\SYSTEM32\windows.storage.dll
0x00007ffd19b40000 - 0x00007ffd19e95000 	C:\WINDOWS\System32\combase.dll
0x00007ffd184b0000 - 0x00007ffd184dc000 	C:\WINDOWS\SYSTEM32\Wldp.dll
0x00007ffd19960000 - 0x00007ffd19a0d000 	C:\WINDOWS\System32\SHCORE.dll
0x00007ffd1b040000 - 0x00007ffd1b095000 	C:\WINDOWS\System32\shlwapi.dll
0x00007ffd18a10000 - 0x00007ffd18a2f000 	C:\WINDOWS\SYSTEM32\profapi.dll
0x00007ffcfeca0000 - 0x00007ffcfecb9000 	C:\Program Files\Java\jdk-14.0.2\bin\net.dll
0x00007ffd14110000 - 0x00007ffd14218000 	C:\WINDOWS\SYSTEM32\WINHTTP.dll
0x00007ffd18190000 - 0x00007ffd181fa000 	C:\WINDOWS\system32\mswsock.dll
0x00007ffcfe820000 - 0x00007ffcfe832000 	C:\Program Files\Java\jdk-14.0.2\bin\nio.dll
0x00007ffcec010000 - 0x00007ffcec02a000 	C:\Program Files\JetBrains\IntelliJ IDEA Community Edition 2021.3.1\bin\breakgen64.dll
0x00007ffd06360000 - 0x00007ffd06370000 	C:\Program Files\Java\jdk-14.0.2\bin\verify.dll
0x00007ffd057c0000 - 0x00007ffd057c9000 	C:\Program Files\Java\jdk-14.0.2\bin\management.dll
0x00007ffcfa370000 - 0x00007ffcfa37b000 	C:\Program Files\Java\jdk-14.0.2\bin\management_ext.dll
0x00007ffcf85d0000 - 0x00007ffcf85e7000 	C:\WINDOWS\system32\napinsp.dll
0x00007ffcf7870000 - 0x00007ffcf788b000 	C:\WINDOWS\system32\pnrpnsp.dll
0x00007ffcf7850000 - 0x00007ffcf7865000 	C:\WINDOWS\system32\wshbth.dll
0x00007ffd13b00000 - 0x00007ffd13b1d000 	C:\WINDOWS\system32\NLAapi.dll
0x00007ffd17e70000 - 0x00007ffd17eab000 	C:\WINDOWS\SYSTEM32\IPHLPAPI.DLL
0x00007ffd17eb0000 - 0x00007ffd17f7c000 	C:\WINDOWS\SYSTEM32\DNSAPI.dll
0x00007ffd19950000 - 0x00007ffd19958000 	C:\WINDOWS\System32\NSI.dll
0x00007ffcf7230000 - 0x00007ffcf7242000 	C:\WINDOWS\System32\winrnr.dll
0x00007ffd0e570000 - 0x00007ffd0e57a000 	C:\Windows\System32\rasadhlp.dll
0x00007ffd0e4f0000 - 0x00007ffd0e56f000 	C:\WINDOWS\System32\fwpuclnt.dll
0x00007ffd193d0000 - 0x00007ffd193f7000 	C:\WINDOWS\System32\bcrypt.dll

dbghelp: loaded successfully - version: 4.0.5 - missing functions: none
symbol engine: initialized successfully - sym options: 0x614 - pdb path: .;C:\Program Files\Java\jdk-14.0.2\bin;C:\WINDOWS\SYSTEM32;C:\WINDOWS\WinSxS\amd64_microsoft.windows.common-controls_6595b64144ccf1df_6.0.19041.1110_none_60b5254171f9507e;C:\Program Files\Java\jdk-14.0.2\bin\server;C:\Program Files\JetBrains\IntelliJ IDEA Community Edition 2021.3.1\bin

VM Arguments:
jvm_args: -javaagent:C:\Program Files\JetBrains\IntelliJ IDEA Community Edition 2021.3.1\lib\idea_rt.jar=2717:C:\Program Files\JetBrains\IntelliJ IDEA Community Edition 2021.3.1\bin -Dfile.encoding=UTF-8 
java_command: com.leo.rest.RestApplication
java_class_path (initial): E:\WEB\SPRING\rest\rest\target\classes;C:\Users\LENOVO\.m2\repository\org\springframework\boot\spring-boot-starter-data-mongodb\2.6.2\spring-boot-starter-data-mongodb-2.6.2.jar;C:\Users\LENOVO\.m2\repository\org\springframework\boot\spring-boot-starter\2.6.2\spring-boot-starter-2.6.2.jar;C:\Users\LENOVO\.m2\repository\org\springframework\boot\spring-boot\2.6.2\spring-boot-2.6.2.jar;C:\Users\LENOVO\.m2\repository\org\springframework\boot\spring-boot-autoconfigure\2.6.2\spring-boot-autoconfigure-2.6.2.jar;C:\Users\LENOVO\.m2\repository\org\springframework\boot\spring-boot-starter-logging\2.6.2\spring-boot-starter-logging-2.6.2.jar;C:\Users\LENOVO\.m2\repository\ch\qos\logback\logback-classic\1.2.9\logback-classic-1.2.9.jar;C:\Users\LENOVO\.m2\repository\ch\qos\logback\logback-core\1.2.9\logback-core-1.2.9.jar;C:\Users\LENOVO\.m2\repository\org\apache\logging\log4j\log4j-to-slf4j\2.17.0\log4j-to-slf4j-2.17.0.jar;C:\Users\LENOVO\.m2\repository\org\apache\logging\log4j\log4j-api\2.17.0\log4j-api-2.17.0.jar;C:\Users\LENOVO\.m2\repository\org\slf4j\jul-to-slf4j\1.7.32\jul-to-slf4j-1.7.32.jar;C:\Users\LENOVO\.m2\repository\jakarta\annotation\jakarta.annotation-api\1.3.5\jakarta.annotation-api-1.3.5.jar;C:\Users\LENOVO\.m2\repository\org\yaml\snakeyaml\1.29\snakeyaml-1.29.jar;C:\Users\LENOVO\.m2\repository\org\mongodb\mongodb-driver-sync\4.4.0\mongodb-driver-sync-4.4.0.jar;C:\Users\LENOVO\.m2\repository\org\mongodb\bson\4.4.0\bson-4.4.0.jar;C:\Users\LENOVO\.m2\repository\org\mongodb\mongodb-driver-core\4.4.0\mongodb-driver-core-4.4.0.jar;C:\Users\LENOVO\.m2\repository\org\springframework\data\spring-data-mongodb\3.3.0\spring-data-mongodb-3.3.0.jar;C:\Users\LENOVO\.m2\repository\org\springframework\spring-tx\5.3.14\spring-tx-5.3.14.jar;C:\Users\LENOVO\.m2\repository\org\springframework\spring-context\5.3.14\spring-context-5.3.14.jar;C:\Users\LENOVO\.m2\repository\org\springframework\spring-beans\5.3.14\spring-beans-5.3.14.jar;C:\Users\LENOVO\.m2\r
Launcher Type: SUN_STANDARD

[Global flags]
     intx CICompilerCount                          = 3                                         {product} {ergonomic}
     uint ConcGCThreads                            = 1                                         {product} {ergonomic}
     uint G1ConcRefinementThreads                  = 4                                         {product} {ergonomic}
   size_t G1HeapRegionSize                         = 1048576                                   {product} {ergonomic}
    uintx GCDrainStackTargetSize                   = 64                                        {product} {ergonomic}
   size_t InitialHeapSize                          = 132120576                                 {product} {ergonomic}
   size_t MarkStackSize                            = 4194304                                   {product} {ergonomic}
   size_t MaxHeapSize                              = 2113929216                                {product} {ergonomic}
   size_t MaxNewSize                               = 1267728384                                {product} {ergonomic}
   size_t MinHeapDeltaBytes                        = 1048576                                   {product} {ergonomic}
   size_t MinHeapSize                              = 8388608                                   {product} {ergonomic}
    uintx NonNMethodCodeHeapSize                   = 5832780                                {pd product} {ergonomic}
    uintx NonProfiledCodeHeapSize                  = 122912730                              {pd product} {ergonomic}
    uintx ProfiledCodeHeapSize                     = 122912730                              {pd product} {ergonomic}
    uintx ReservedCodeCacheSize                    = 251658240                              {pd product} {ergonomic}
     bool SegmentedCodeCache                       = true                                      {product} {ergonomic}
   size_t SoftMaxHeapSize                          = 2113929216                             {manageable} {ergonomic}
     bool UseCompressedClassPointers               = true                                 {lp64_product} {ergonomic}
     bool UseCompressedOops                        = true                                 {lp64_product} {ergonomic}
     bool UseG1GC                                  = true                                      {product} {ergonomic}
     bool UseLargePagesIndividualAllocation        = false                                  {pd product} {ergonomic}

Logging:
Log output configuration:
 #0: stdout all=warning uptime,level,tags
 #1: stderr all=off uptime,level,tags

Environment Variables:
JAVA_HOME=C:\Program Files\Java\jdk-11.0.8
PATH=C:\Users\LENOVO\AppData\Local\Programs\Python\Python39\Scripts\;C:\Users\LENOVO\AppData\Local\Programs\Python\Python39\;C:\Program Files\Common Files\Oracle\Java\javapath;C:\Program Files (x86)\Common Files\Oracle\Java\javapath;C:\WINDOWS\system32;C:\WINDOWS;C:\WINDOWS\System32\Wbem;C:\WINDOWS\System32\WindowsPowerShell\v1.0\;C:\WINDOWS\System32\OpenSSH\;C:\Program Files\MySQL\MySQL Enterprise Backup 8.0\\bin;C:\Program Files\Java\jdk-11.0.8\bin;C:\Program Files\Git\cmd;C:\Users\LENOVO\AppData\Local\Android\Sdk\platform-tools;C:\php;C:\php7;C:\xampp\php;C:\Program Files\dotnet\;C:\Program Files\Microsoft SQL Server\130\Tools\Binn\;C:\Program Files\Microsoft\Web Platform Installer\;C:\Program Files (x86)\Microsoft ASP.NET\ASP.NET Web Pages\v1.0\;C:\Program Files (x86)\Microsoft SQL Server\100\Tools\Binn\;C:\Program Files\Microsoft SQL Server\100\Tools\Binn\;C:\Program Files\Microsoft SQL Server\100\DTS\Binn\;C:\Program Files (x86)\Microsoft SQL Server\100\Tools\Binn\VSShell\Common7\IDE\;C:\Program Files (x86)\Microsoft SQL Server\100\DTS\Binn\;C:\Program Files (x86)\Microsoft Visual Studio 9.0\Common7\IDE\PrivateAssemblies\;C:\Users\LENOVO\AppData\Roaming\npm;C:\Users\LENOVO\AppData\Roaming\nvm;C:\Program Files\nodejs;C:\ProgramData\chocolatey\bin;C:\Program Files\Microsoft SQL Server\Client SDK\ODBC\170\Tools\Binn\;C:\Program Files (x86)\Microsoft SQL Server\150\Tools\Binn\;C:\Program Files\Microsoft SQL Server\150\Tools\Binn\;C:\Program Files\Microsoft SQL Server\150\DTS\Binn\;C:\Program Files (x86)\Microsoft SQL Server\140\DTS\Binn\;C:\Program Files\Microsoft SQL Server\140\DTS\Binn\;C:\Program Files\Microsoft SQL Server\Client SDK\ODBC\130\Tools\Binn\;C:\Program Files (x86)\Microsoft SQL Server\140\Tools\Binn\;C:\Program Files\Microsoft SQL Server\140\Tools\Binn\;C:\Program Files (x86)\Microsoft SQL Server\150\DTS\Binn\;C:\Program Files\Azure Data Studio\bin;C:\Program Files\nodejs\;C:\Users\LENOVO\AppData\Local\Programs\Python\Python38\Scripts\;C:\Users\LENOVO
USERNAME=LENOVO
OS=Windows_NT
PROCESSOR_IDENTIFIER=Intel64 Family 6 Model 142 Stepping 9, GenuineIntel



---------------  S Y S T E M  ---------------

OS: Windows 10 , 64 bit Build 19041 (10.0.19041.1202)
OS uptime: 0 days 10:18 hours
HyperV virtualization detected

CPU:total 4 (initial active 4) (2 cores per cpu, 2 threads per core) family 6 model 142 stepping 9, cmov, cx8, fxsr, mmx, sse, sse2, sse3, ssse3, sse4.1, sse4.2, popcnt, avx, avx2, aes, clmul, erms, 3dnowpref, lzcnt, ht, tsc, tscinvbit, bmi1, bmi2, adx, fma

Memory: 4k page, system-wide physical 8058M (420M free)
TotalPageFile size 8058M (AvailPageFile size 99M)
current process WorkingSet (physical memory assigned to process): 101M, peak: 149M
current process commit charge ("private bytes"): 156M, peak: 252M

vm_info: Java HotSpot(TM) 64-Bit Server VM (14.0.2+12-46) for windows-amd64 JRE (14.0.2+12-46), built on Jul  9 2020 00:35:52 by "mach5one" with MS VC++ 15.9 (VS2017)

END.
