#
# There is insufficient memory for the Java Runtime Environment to continue.
# Native memory allocation (malloc) failed to allocate 359696 bytes for Chunk::new
# Possible reasons:
#   The system is out of physical RAM or swap space
#   The process is running with CompressedOops enabled, and the Java Heap may be blocking the growth of the native heap
# Possible solutions:
#   Reduce memory load on the system
#   Increase physical memory or swap space
#   Check if swap backing store is full
#   Decrease Java heap size (-Xmx/-Xms)
#   Decrease number of Java threads
#   Decrease Java thread stack sizes (-Xss)
#   Set larger code cache with -XX:ReservedCodeCacheSize=
#   JVM is running with Unscaled Compressed Oops mode in which the Java heap is
#     placed in the first 4GB address space. The Java Heap base address is the
#     maximum limit for the native heap growth. Please use -XX:HeapBaseMinAddress
#     to set the Java Heap base and to place the Java Heap above 4GB virtual address.
# This output file may be truncated or incomplete.
#
#  Out of Memory Error (./open/src/hotspot/share/memory/arena.cpp:195), pid=17864, tid=7736
#
# JRE version: Java(TM) SE Runtime Environment (14.0.2+12) (build 14.0.2+12-46)
# Java VM: Java HotSpot(TM) 64-Bit Server VM (14.0.2+12-46, mixed mode, sharing, tiered, compressed oops, g1 gc, windows-amd64)
# No core dump will be written. Minidumps are not enabled by default on client versions of Windows
#

---------------  S U M M A R Y ------------

Command Line: -javaagent:C:\Program Files\JetBrains\IntelliJ IDEA Community Edition 2021.3.1\lib\idea_rt.jar=2695:C:\Program Files\JetBrains\IntelliJ IDEA Community Edition 2021.3.1\bin -Dfile.encoding=UTF-8 com.leo.rest.RestApplication

Host: Intel(R) Core(TM) i5-7200U CPU @ 2.50GHz, 4 cores, 7G,  Windows 10 , 64 bit Build 19041 (10.0.19041.1202)
Time: Wed Jan 12 19:54:19 2022 India Standard Time elapsed time: 3 seconds (0d 0h 0m 3s)

---------------  T H R E A D  ---------------

Current thread (0x0000016b4e6a7000):  JavaThread "C2 CompilerThread0" daemon [_thread_in_native, id=7736, stack(0x0000003d4a100000,0x0000003d4a200000)]


Current CompileTask:
C2:   3507 1653 % !   4       java.util.concurrent.ConcurrentHashMap::transfer @ 372 (849 bytes)

Stack: [0x0000003d4a100000,0x0000003d4a200000]
Native frames: (J=compiled Java code, j=interpreted, Vv=VM code, C=native code)
V  [jvm.dll+0x5f8a9a]
V  [jvm.dll+0x74247a]
V  [jvm.dll+0x743c2f]
V  [jvm.dll+0x744273]
V  [jvm.dll+0x20d288]
V  [jvm.dll+0xabb07]
V  [jvm.dll+0xac1fc]
V  [jvm.dll+0x31c438]
V  [jvm.dll+0x2e6b38]
V  [jvm.dll+0x2e5f3a]
V  [jvm.dll+0x1e5e16]
V  [jvm.dll+0x1e50b8]
V  [jvm.dll+0x1779cc]
V  [jvm.dll+0x1f4105]
V  [jvm.dll+0x1f22eb]
V  [jvm.dll+0x7070cd]
V  [jvm.dll+0x6ffeda]
V  [jvm.dll+0x5f78f6]
C  [ucrtbase.dll+0x21bb2]
C  [KERNEL32.DLL+0x17034]
C  [ntdll.dll+0x52651]


---------------  P R O C E S S  ---------------

Threads class SMR info:
_java_thread_list=0x0000016b4fdf8b10, length=13, elements={
0x0000016b2ff46000, 0x0000016b4e685800, 0x0000016b4e687000, 0x0000016b4e6a0800,
0x0000016b4e6a5000, 0x0000016b4e6a6000, 0x0000016b4e6a7000, 0x0000016b4f00b800,
0x0000016b4f01f000, 0x0000016b4e66e000, 0x0000016b4f38a800, 0x0000016b4f38f800,
0x0000016b4fed6800
}

Java Threads: ( => current thread )
  0x0000016b2ff46000 JavaThread "main" [_thread_in_vm, id=15348, stack(0x0000003d49500000,0x0000003d49600000)]
  0x0000016b4e685800 JavaThread "Reference Handler" daemon [_thread_blocked, id=16592, stack(0x0000003d49c00000,0x0000003d49d00000)]
  0x0000016b4e687000 JavaThread "Finalizer" daemon [_thread_blocked, id=12432, stack(0x0000003d49d00000,0x0000003d49e00000)]
  0x0000016b4e6a0800 JavaThread "Signal Dispatcher" daemon [_thread_blocked, id=17748, stack(0x0000003d49e00000,0x0000003d49f00000)]
  0x0000016b4e6a5000 JavaThread "Attach Listener" daemon [_thread_blocked, id=4140, stack(0x0000003d49f00000,0x0000003d4a000000)]
  0x0000016b4e6a6000 JavaThread "Service Thread" daemon [_thread_blocked, id=18416, stack(0x0000003d4a000000,0x0000003d4a100000)]
=>0x0000016b4e6a7000 JavaThread "C2 CompilerThread0" daemon [_thread_in_native, id=7736, stack(0x0000003d4a100000,0x0000003d4a200000)]
  0x0000016b4f00b800 JavaThread "C1 CompilerThread0" daemon [_thread_blocked, id=15816, stack(0x0000003d4a200000,0x0000003d4a300000)]
  0x0000016b4f01f000 JavaThread "Sweeper thread" daemon [_thread_blocked, id=14136, stack(0x0000003d4a300000,0x0000003d4a400000)]
  0x0000016b4e66e000 JavaThread "Common-Cleaner" daemon [_thread_blocked, id=19032, stack(0x0000003d4a400000,0x0000003d4a500000)]
  0x0000016b4f38a800 JavaThread "Monitor Ctrl-Break" daemon [_thread_in_native, id=18800, stack(0x0000003d4a600000,0x0000003d4a700000)]
  0x0000016b4f38f800 JavaThread "Notification Thread" daemon [_thread_blocked, id=18692, stack(0x0000003d4a700000,0x0000003d4a800000)]
  0x0000016b4fed6800 JavaThread "background-preinit" [_thread_in_vm, id=18056, stack(0x0000003d4ab00000,0x0000003d4ac00000)]

Other Threads:
  0x0000016b4e684800 VMThread "VM Thread" [stack: 0x0000003d49b00000,0x0000003d49c00000] [id=18632]
  0x0000016b4f392800 WatcherThread [stack: 0x0000003d4a800000,0x0000003d4a900000] [id=11304]
  0x0000016b2ff89000 GCTaskThread "GC Thread#0" [stack: 0x0000003d49600000,0x0000003d49700000] [id=15140]
  0x0000016b4f903800 GCTaskThread "GC Thread#1" [stack: 0x0000003d4a500000,0x0000003d4a600000] [id=4608]
  0x0000016b4f906000 GCTaskThread "GC Thread#2" [stack: 0x0000003d4a900000,0x0000003d4aa00000] [id=1216]
  0x0000016b4ff70800 GCTaskThread "GC Thread#3" [stack: 0x0000003d4ad00000,0x0000003d4ae00000] [id=18876]
  0x0000016b2ff9a800 ConcurrentGCThread "G1 Main Marker" [stack: 0x0000003d49700000,0x0000003d49800000] [id=2112]
  0x0000016b2ff9b800 ConcurrentGCThread "G1 Conc#0" [stack: 0x0000003d49800000,0x0000003d49900000] [id=18400]
  0x0000016b4e500800 ConcurrentGCThread "G1 Refine#0" [stack: 0x0000003d49900000,0x0000003d49a00000] [id=5468]
  0x0000016b4f2ba800 ConcurrentGCThread "G1 Refine#1" [stack: 0x0000003d4aa00000,0x0000003d4ab00000] [id=10664]
  0x0000016b4e501800 ConcurrentGCThread "G1 Young RemSet Sampling" [stack: 0x0000003d49a00000,0x0000003d49b00000] [id=9724]

Threads with active compile tasks:
C2 CompilerThread0     3556 1653 % !   4       java.util.concurrent.ConcurrentHashMap::transfer @ 372 (849 bytes)

VM state:not at safepoint (normal execution)

VM Mutex/Monitor currently owned by a thread: None

Heap address: 0x0000000082000000, size: 2016 MB, Compressed Oops mode: 32-bit
Narrow klass base: 0x0000000800000000, Narrow klass shift: 3
Compressed class space size: 1073741824 Address: 0x0000000800b30000

Heap:
 garbage-first heap   total 129024K, used 18715K [0x0000000082000000, 0x0000000100000000)
  region size 1024K, 16 young (16384K), 3 survivors (3072K)
 Metaspace       used 14246K, capacity 14709K, committed 14848K, reserved 1062912K
  class space    used 1762K, capacity 1959K, committed 2048K, reserved 1048576K
Heap Regions: E=young(eden), S=young(survivor), O=old, HS=humongous(starts), HC=humongous(continues), CS=collection set, F=free, OA=open archive, CA=closed archive, TAMS=top-at-mark-start (previous, next)
|   0|0x0000000082000000, 0x0000000082100000, 0x0000000082100000|100%| O|  |TAMS 0x0000000082000000, 0x0000000082000000| Untracked 
|   1|0x0000000082100000, 0x0000000082200000, 0x0000000082200000|100%| O|  |TAMS 0x0000000082100000, 0x0000000082100000| Untracked 
|   2|0x0000000082200000, 0x0000000082300000, 0x0000000082300000|100%| O|  |TAMS 0x0000000082200000, 0x0000000082200000| Untracked 
|   3|0x0000000082300000, 0x0000000082400000, 0x0000000082400000|100%| O|  |TAMS 0x0000000082300000, 0x0000000082300000| Untracked 
|   4|0x0000000082400000, 0x0000000082400000, 0x0000000082500000|  0%| F|  |TAMS 0x0000000082400000, 0x0000000082400000| Untracked 
|   5|0x0000000082500000, 0x0000000082500000, 0x0000000082600000|  0%| F|  |TAMS 0x0000000082500000, 0x0000000082500000| Untracked 
|   6|0x0000000082600000, 0x0000000082600000, 0x0000000082700000|  0%| F|  |TAMS 0x0000000082600000, 0x0000000082600000| Untracked 
|   7|0x0000000082700000, 0x0000000082700000, 0x0000000082800000|  0%| F|  |TAMS 0x0000000082700000, 0x0000000082700000| Untracked 
|   8|0x0000000082800000, 0x0000000082800000, 0x0000000082900000|  0%| F|  |TAMS 0x0000000082800000, 0x0000000082800000| Untracked 
|   9|0x0000000082900000, 0x0000000082900000, 0x0000000082a00000|  0%| F|  |TAMS 0x0000000082900000, 0x0000000082900000| Untracked 
|  10|0x0000000082a00000, 0x0000000082a00000, 0x0000000082b00000|  0%| F|  |TAMS 0x0000000082a00000, 0x0000000082a00000| Untracked 
|  11|0x0000000082b00000, 0x0000000082b00000, 0x0000000082c00000|  0%| F|  |TAMS 0x0000000082b00000, 0x0000000082b00000| Untracked 
|  12|0x0000000082c00000, 0x0000000082c00000, 0x0000000082d00000|  0%| F|  |TAMS 0x0000000082c00000, 0x0000000082c00000| Untracked 
|  13|0x0000000082d00000, 0x0000000082d00000, 0x0000000082e00000|  0%| F|  |TAMS 0x0000000082d00000, 0x0000000082d00000| Untracked 
|  14|0x0000000082e00000, 0x0000000082e00000, 0x0000000082f00000|  0%| F|  |TAMS 0x0000000082e00000, 0x0000000082e00000| Untracked 
|  15|0x0000000082f00000, 0x0000000082f00000, 0x0000000083000000|  0%| F|  |TAMS 0x0000000082f00000, 0x0000000082f00000| Untracked 
|  16|0x0000000083000000, 0x0000000083000000, 0x0000000083100000|  0%| F|  |TAMS 0x0000000083000000, 0x0000000083000000| Untracked 
|  17|0x0000000083100000, 0x0000000083100000, 0x0000000083200000|  0%| F|  |TAMS 0x0000000083100000, 0x0000000083100000| Untracked 
|  18|0x0000000083200000, 0x0000000083200000, 0x0000000083300000|  0%| F|  |TAMS 0x0000000083200000, 0x0000000083200000| Untracked 
|  19|0x0000000083300000, 0x0000000083300000, 0x0000000083400000|  0%| F|  |TAMS 0x0000000083300000, 0x0000000083300000| Untracked 
|  20|0x0000000083400000, 0x0000000083400000, 0x0000000083500000|  0%| F|  |TAMS 0x0000000083400000, 0x0000000083400000| Untracked 
|  21|0x0000000083500000, 0x0000000083500000, 0x0000000083600000|  0%| F|  |TAMS 0x0000000083500000, 0x0000000083500000| Untracked 
|  22|0x0000000083600000, 0x0000000083600000, 0x0000000083700000|  0%| F|  |TAMS 0x0000000083600000, 0x0000000083600000| Untracked 
|  23|0x0000000083700000, 0x0000000083700000, 0x0000000083800000|  0%| F|  |TAMS 0x0000000083700000, 0x0000000083700000| Untracked 
|  24|0x0000000083800000, 0x0000000083800000, 0x0000000083900000|  0%| F|  |TAMS 0x0000000083800000, 0x0000000083800000| Untracked 
|  25|0x0000000083900000, 0x0000000083900000, 0x0000000083a00000|  0%| F|  |TAMS 0x0000000083900000, 0x0000000083900000| Untracked 
|  26|0x0000000083a00000, 0x0000000083a00000, 0x0000000083b00000|  0%| F|  |TAMS 0x0000000083a00000, 0x0000000083a00000| Untracked 
|  27|0x0000000083b00000, 0x0000000083b00000, 0x0000000083c00000|  0%| F|  |TAMS 0x0000000083b00000, 0x0000000083b00000| Untracked 
|  28|0x0000000083c00000, 0x0000000083c00000, 0x0000000083d00000|  0%| F|  |TAMS 0x0000000083c00000, 0x0000000083c00000| Untracked 
|  29|0x0000000083d00000, 0x0000000083d00000, 0x0000000083e00000|  0%| F|  |TAMS 0x0000000083d00000, 0x0000000083d00000| Untracked 
|  30|0x0000000083e00000, 0x0000000083e00000, 0x0000000083f00000|  0%| F|  |TAMS 0x0000000083e00000, 0x0000000083e00000| Untracked 
|  31|0x0000000083f00000, 0x0000000083f00000, 0x0000000084000000|  0%| F|  |TAMS 0x0000000083f00000, 0x0000000083f00000| Untracked 
|  32|0x0000000084000000, 0x0000000084000000, 0x0000000084100000|  0%| F|  |TAMS 0x0000000084000000, 0x0000000084000000| Untracked 
|  33|0x0000000084100000, 0x0000000084100000, 0x0000000084200000|  0%| F|  |TAMS 0x0000000084100000, 0x0000000084100000| Untracked 
|  34|0x0000000084200000, 0x0000000084200000, 0x0000000084300000|  0%| F|  |TAMS 0x0000000084200000, 0x0000000084200000| Untracked 
|  35|0x0000000084300000, 0x0000000084300000, 0x0000000084400000|  0%| F|  |TAMS 0x0000000084300000, 0x0000000084300000| Untracked 
|  36|0x0000000084400000, 0x0000000084400000, 0x0000000084500000|  0%| F|  |TAMS 0x0000000084400000, 0x0000000084400000| Untracked 
|  37|0x0000000084500000, 0x0000000084500000, 0x0000000084600000|  0%| F|  |TAMS 0x0000000084500000, 0x0000000084500000| Untracked 
|  38|0x0000000084600000, 0x0000000084600000, 0x0000000084700000|  0%| F|  |TAMS 0x0000000084600000, 0x0000000084600000| Untracked 
|  39|0x0000000084700000, 0x0000000084700000, 0x0000000084800000|  0%| F|  |TAMS 0x0000000084700000, 0x0000000084700000| Untracked 
|  40|0x0000000084800000, 0x0000000084800000, 0x0000000084900000|  0%| F|  |TAMS 0x0000000084800000, 0x0000000084800000| Untracked 
|  41|0x0000000084900000, 0x0000000084900000, 0x0000000084a00000|  0%| F|  |TAMS 0x0000000084900000, 0x0000000084900000| Untracked 
|  42|0x0000000084a00000, 0x0000000084a00000, 0x0000000084b00000|  0%| F|  |TAMS 0x0000000084a00000, 0x0000000084a00000| Untracked 
|  43|0x0000000084b00000, 0x0000000084b00000, 0x0000000084c00000|  0%| F|  |TAMS 0x0000000084b00000, 0x0000000084b00000| Untracked 
|  44|0x0000000084c00000, 0x0000000084c00000, 0x0000000084d00000|  0%| F|  |TAMS 0x0000000084c00000, 0x0000000084c00000| Untracked 
|  45|0x0000000084d00000, 0x0000000084d00000, 0x0000000084e00000|  0%| F|  |TAMS 0x0000000084d00000, 0x0000000084d00000| Untracked 
|  46|0x0000000084e00000, 0x0000000084e00000, 0x0000000084f00000|  0%| F|  |TAMS 0x0000000084e00000, 0x0000000084e00000| Untracked 
|  47|0x0000000084f00000, 0x0000000084f00000, 0x0000000085000000|  0%| F|  |TAMS 0x0000000084f00000, 0x0000000084f00000| Untracked 
|  48|0x0000000085000000, 0x0000000085000000, 0x0000000085100000|  0%| F|  |TAMS 0x0000000085000000, 0x0000000085000000| Untracked 
|  49|0x0000000085100000, 0x0000000085100000, 0x0000000085200000|  0%| F|  |TAMS 0x0000000085100000, 0x0000000085100000| Untracked 
|  50|0x0000000085200000, 0x0000000085200000, 0x0000000085300000|  0%| F|  |TAMS 0x0000000085200000, 0x0000000085200000| Untracked 
|  51|0x0000000085300000, 0x0000000085300000, 0x0000000085400000|  0%| F|  |TAMS 0x0000000085300000, 0x0000000085300000| Untracked 
|  52|0x0000000085400000, 0x0000000085400000, 0x0000000085500000|  0%| F|  |TAMS 0x0000000085400000, 0x0000000085400000| Untracked 
|  53|0x0000000085500000, 0x0000000085500000, 0x0000000085600000|  0%| F|  |TAMS 0x0000000085500000, 0x0000000085500000| Untracked 
|  54|0x0000000085600000, 0x0000000085600000, 0x0000000085700000|  0%| F|  |TAMS 0x0000000085600000, 0x0000000085600000| Untracked 
|  55|0x0000000085700000, 0x0000000085700000, 0x0000000085800000|  0%| F|  |TAMS 0x0000000085700000, 0x0000000085700000| Untracked 
|  56|0x0000000085800000, 0x0000000085800000, 0x0000000085900000|  0%| F|  |TAMS 0x0000000085800000, 0x0000000085800000| Untracked 
|  57|0x0000000085900000, 0x0000000085900000, 0x0000000085a00000|  0%| F|  |TAMS 0x0000000085900000, 0x0000000085900000| Untracked 
|  58|0x0000000085a00000, 0x0000000085a00000, 0x0000000085b00000|  0%| F|  |TAMS 0x0000000085a00000, 0x0000000085a00000| Untracked 
|  59|0x0000000085b00000, 0x0000000085b00000, 0x0000000085c00000|  0%| F|  |TAMS 0x0000000085b00000, 0x0000000085b00000| Untracked 
|  60|0x0000000085c00000, 0x0000000085c00000, 0x0000000085d00000|  0%| F|  |TAMS 0x0000000085c00000, 0x0000000085c00000| Untracked 
|  61|0x0000000085d00000, 0x0000000085d00000, 0x0000000085e00000|  0%| F|  |TAMS 0x0000000085d00000, 0x0000000085d00000| Untracked 
|  62|0x0000000085e00000, 0x0000000085e00000, 0x0000000085f00000|  0%| F|  |TAMS 0x0000000085e00000, 0x0000000085e00000| Untracked 
|  63|0x0000000085f00000, 0x0000000085f00000, 0x0000000086000000|  0%| F|  |TAMS 0x0000000085f00000, 0x0000000085f00000| Untracked 
|  64|0x0000000086000000, 0x0000000086000000, 0x0000000086100000|  0%| F|  |TAMS 0x0000000086000000, 0x0000000086000000| Untracked 
|  65|0x0000000086100000, 0x0000000086100000, 0x0000000086200000|  0%| F|  |TAMS 0x0000000086100000, 0x0000000086100000| Untracked 
|  66|0x0000000086200000, 0x0000000086200000, 0x0000000086300000|  0%| F|  |TAMS 0x0000000086200000, 0x0000000086200000| Untracked 
|  67|0x0000000086300000, 0x0000000086300000, 0x0000000086400000|  0%| F|  |TAMS 0x0000000086300000, 0x0000000086300000| Untracked 
|  68|0x0000000086400000, 0x0000000086400000, 0x0000000086500000|  0%| F|  |TAMS 0x0000000086400000, 0x0000000086400000| Untracked 
|  69|0x0000000086500000, 0x0000000086500000, 0x0000000086600000|  0%| F|  |TAMS 0x0000000086500000, 0x0000000086500000| Untracked 
|  70|0x0000000086600000, 0x0000000086600000, 0x0000000086700000|  0%| F|  |TAMS 0x0000000086600000, 0x0000000086600000| Untracked 
|  71|0x0000000086700000, 0x0000000086700000, 0x0000000086800000|  0%| F|  |TAMS 0x0000000086700000, 0x0000000086700000| Untracked 
|  72|0x0000000086800000, 0x0000000086800000, 0x0000000086900000|  0%| F|  |TAMS 0x0000000086800000, 0x0000000086800000| Untracked 
|  73|0x0000000086900000, 0x0000000086900000, 0x0000000086a00000|  0%| F|  |TAMS 0x0000000086900000, 0x0000000086900000| Untracked 
|  74|0x0000000086a00000, 0x0000000086a00000, 0x0000000086b00000|  0%| F|  |TAMS 0x0000000086a00000, 0x0000000086a00000| Untracked 
|  75|0x0000000086b00000, 0x0000000086b00000, 0x0000000086c00000|  0%| F|  |TAMS 0x0000000086b00000, 0x0000000086b00000| Untracked 
|  76|0x0000000086c00000, 0x0000000086c00000, 0x0000000086d00000|  0%| F|  |TAMS 0x0000000086c00000, 0x0000000086c00000| Untracked 
|  77|0x0000000086d00000, 0x0000000086d00000, 0x0000000086e00000|  0%| F|  |TAMS 0x0000000086d00000, 0x0000000086d00000| Untracked 
|  78|0x0000000086e00000, 0x0000000086e00000, 0x0000000086f00000|  0%| F|  |TAMS 0x0000000086e00000, 0x0000000086e00000| Untracked 
|  79|0x0000000086f00000, 0x0000000086f00000, 0x0000000087000000|  0%| F|  |TAMS 0x0000000086f00000, 0x0000000086f00000| Untracked 
|  80|0x0000000087000000, 0x0000000087000000, 0x0000000087100000|  0%| F|  |TAMS 0x0000000087000000, 0x0000000087000000| Untracked 
|  81|0x0000000087100000, 0x0000000087100000, 0x0000000087200000|  0%| F|  |TAMS 0x0000000087100000, 0x0000000087100000| Untracked 
|  82|0x0000000087200000, 0x0000000087200000, 0x0000000087300000|  0%| F|  |TAMS 0x0000000087200000, 0x0000000087200000| Untracked 
|  83|0x0000000087300000, 0x0000000087300000, 0x0000000087400000|  0%| F|  |TAMS 0x0000000087300000, 0x0000000087300000| Untracked 
|  84|0x0000000087400000, 0x0000000087400000, 0x0000000087500000|  0%| F|  |TAMS 0x0000000087400000, 0x0000000087400000| Untracked 
|  85|0x0000000087500000, 0x0000000087500000, 0x0000000087600000|  0%| F|  |TAMS 0x0000000087500000, 0x0000000087500000| Untracked 
|  86|0x0000000087600000, 0x0000000087600000, 0x0000000087700000|  0%| F|  |TAMS 0x0000000087600000, 0x0000000087600000| Untracked 
|  87|0x0000000087700000, 0x0000000087700000, 0x0000000087800000|  0%| F|  |TAMS 0x0000000087700000, 0x0000000087700000| Untracked 
|  88|0x0000000087800000, 0x0000000087800000, 0x0000000087900000|  0%| F|  |TAMS 0x0000000087800000, 0x0000000087800000| Untracked 
|  89|0x0000000087900000, 0x0000000087900000, 0x0000000087a00000|  0%| F|  |TAMS 0x0000000087900000, 0x0000000087900000| Untracked 
|  90|0x0000000087a00000, 0x0000000087a00000, 0x0000000087b00000|  0%| F|  |TAMS 0x0000000087a00000, 0x0000000087a00000| Untracked 
|  91|0x0000000087b00000, 0x0000000087b00000, 0x0000000087c00000|  0%| F|  |TAMS 0x0000000087b00000, 0x0000000087b00000| Untracked 
|  92|0x0000000087c00000, 0x0000000087c00000, 0x0000000087d00000|  0%| F|  |TAMS 0x0000000087c00000, 0x0000000087c00000| Untracked 
|  93|0x0000000087d00000, 0x0000000087d00000, 0x0000000087e00000|  0%| F|  |TAMS 0x0000000087d00000, 0x0000000087d00000| Untracked 
|  94|0x0000000087e00000, 0x0000000087e00000, 0x0000000087f00000|  0%| F|  |TAMS 0x0000000087e00000, 0x0000000087e00000| Untracked 
|  95|0x0000000087f00000, 0x0000000087f00000, 0x0000000088000000|  0%| F|  |TAMS 0x0000000087f00000, 0x0000000087f00000| Untracked 
|  96|0x0000000088000000, 0x0000000088000000, 0x0000000088100000|  0%| F|  |TAMS 0x0000000088000000, 0x0000000088000000| Untracked 
|  97|0x0000000088100000, 0x0000000088146d20, 0x0000000088200000| 27%| S|CS|TAMS 0x0000000088100000, 0x0000000088100000| Complete 
|  98|0x0000000088200000, 0x0000000088300000, 0x0000000088300000|100%| S|CS|TAMS 0x0000000088200000, 0x0000000088200000| Complete 
|  99|0x0000000088300000, 0x0000000088400000, 0x0000000088400000|100%| S|CS|TAMS 0x0000000088300000, 0x0000000088300000| Complete 
| 100|0x0000000088400000, 0x0000000088400000, 0x0000000088500000|  0%| F|  |TAMS 0x0000000088400000, 0x0000000088400000| Untracked 
| 101|0x0000000088500000, 0x0000000088500000, 0x0000000088600000|  0%| F|  |TAMS 0x0000000088500000, 0x0000000088500000| Untracked 
| 102|0x0000000088600000, 0x0000000088600000, 0x0000000088700000|  0%| F|  |TAMS 0x0000000088600000, 0x0000000088600000| Untracked 
| 103|0x0000000088700000, 0x0000000088700000, 0x0000000088800000|  0%| F|  |TAMS 0x0000000088700000, 0x0000000088700000| Untracked 
| 104|0x0000000088800000, 0x0000000088800000, 0x0000000088900000|  0%| F|  |TAMS 0x0000000088800000, 0x0000000088800000| Untracked 
| 105|0x0000000088900000, 0x0000000088900000, 0x0000000088a00000|  0%| F|  |TAMS 0x0000000088900000, 0x0000000088900000| Untracked 
| 106|0x0000000088a00000, 0x0000000088a00000, 0x0000000088b00000|  0%| F|  |TAMS 0x0000000088a00000, 0x0000000088a00000| Untracked 
| 107|0x0000000088b00000, 0x0000000088b00000, 0x0000000088c00000|  0%| F|  |TAMS 0x0000000088b00000, 0x0000000088b00000| Untracked 
| 108|0x0000000088c00000, 0x0000000088c00000, 0x0000000088d00000|  0%| F|  |TAMS 0x0000000088c00000, 0x0000000088c00000| Untracked 
| 109|0x0000000088d00000, 0x0000000088d00000, 0x0000000088e00000|  0%| F|  |TAMS 0x0000000088d00000, 0x0000000088d00000| Untracked 
| 110|0x0000000088e00000, 0x0000000088e00000, 0x0000000088f00000|  0%| F|  |TAMS 0x0000000088e00000, 0x0000000088e00000| Untracked 
| 111|0x0000000088f00000, 0x0000000088f00000, 0x0000000089000000|  0%| F|  |TAMS 0x0000000088f00000, 0x0000000088f00000| Untracked 
| 112|0x0000000089000000, 0x0000000089000000, 0x0000000089100000|  0%| F|  |TAMS 0x0000000089000000, 0x0000000089000000| Untracked 
| 113|0x0000000089100000, 0x0000000089200000, 0x0000000089200000|100%| E|  |TAMS 0x0000000089100000, 0x0000000089100000| Complete 
| 114|0x0000000089200000, 0x0000000089300000, 0x0000000089300000|100%| E|CS|TAMS 0x0000000089200000, 0x0000000089200000| Complete 
| 115|0x0000000089300000, 0x0000000089400000, 0x0000000089400000|100%| E|CS|TAMS 0x0000000089300000, 0x0000000089300000| Complete 
| 116|0x0000000089400000, 0x0000000089500000, 0x0000000089500000|100%| E|CS|TAMS 0x0000000089400000, 0x0000000089400000| Complete 
| 117|0x0000000089500000, 0x0000000089600000, 0x0000000089600000|100%| E|CS|TAMS 0x0000000089500000, 0x0000000089500000| Complete 
| 118|0x0000000089600000, 0x0000000089700000, 0x0000000089700000|100%| E|CS|TAMS 0x0000000089600000, 0x0000000089600000| Complete 
| 119|0x0000000089700000, 0x0000000089800000, 0x0000000089800000|100%| E|CS|TAMS 0x0000000089700000, 0x0000000089700000| Complete 
| 120|0x0000000089800000, 0x0000000089900000, 0x0000000089900000|100%| E|CS|TAMS 0x0000000089800000, 0x0000000089800000| Complete 
| 121|0x0000000089900000, 0x0000000089a00000, 0x0000000089a00000|100%| E|CS|TAMS 0x0000000089900000, 0x0000000089900000| Complete 
| 122|0x0000000089a00000, 0x0000000089b00000, 0x0000000089b00000|100%| E|CS|TAMS 0x0000000089a00000, 0x0000000089a00000| Complete 
| 123|0x0000000089b00000, 0x0000000089c00000, 0x0000000089c00000|100%| E|CS|TAMS 0x0000000089b00000, 0x0000000089b00000| Complete 
| 124|0x0000000089c00000, 0x0000000089d00000, 0x0000000089d00000|100%| E|CS|TAMS 0x0000000089c00000, 0x0000000089c00000| Complete 
| 125|0x0000000089d00000, 0x0000000089e00000, 0x0000000089e00000|100%| E|CS|TAMS 0x0000000089d00000, 0x0000000089d00000| Complete 

Card table byte_map: [0x0000016b47ae0000,0x0000016b47ed0000] _byte_map_base: 0x0000016b476d0000

Marking Bits (Prev, Next): (CMBitMap*) 0x0000016b2ff89c08, (CMBitMap*) 0x0000016b2ff89c48
 Prev Bits: [0x0000016b482c0000, 0x0000016b4a240000)
 Next Bits: [0x0000016b4a240000, 0x0000016b4c1c0000)

Polling page: 0x0000016b2dec0000

Metaspace:

Usage:
  Non-class:     12.45 MB capacity,    12.20 MB ( 98%) used,   210.44 KB (  2%) free+waste,    46.69 KB ( <1%) overhead. 
      Class:      1.91 MB capacity,     1.72 MB ( 90%) used,   172.56 KB (  9%) free+waste,    24.31 KB (  1%) overhead. 
       Both:     14.36 MB capacity,    13.92 MB ( 97%) used,   383.00 KB (  3%) free+waste,    71.00 KB ( <1%) overhead. 

Virtual space:
  Non-class space:       14.00 MB reserved,      12.50 MB ( 89%) committed 
      Class space:        1.00 GB reserved,       2.00 MB ( <1%) committed 
             Both:        1.01 GB reserved,      14.50 MB (  1%) committed 

Chunk freelists:
   Non-Class:  50.00 KB
       Class:  25.00 KB
        Both:  75.00 KB

MaxMetaspaceSize: 17179869184.00 GB
CompressedClassSpaceSize: 1.00 GB

CodeHeap 'non-profiled nmethods': size=120000Kb used=600Kb max_used=600Kb free=119399Kb
 bounds [0x0000016b401c0000, 0x0000016b40430000, 0x0000016b476f0000]
CodeHeap 'profiled nmethods': size=120000Kb used=3259Kb max_used=3259Kb free=116740Kb
 bounds [0x0000016b38c90000, 0x0000016b38fc0000, 0x0000016b401c0000]
CodeHeap 'non-nmethods': size=5760Kb used=1204Kb max_used=1232Kb free=4555Kb
 bounds [0x0000016b386f0000, 0x0000016b38960000, 0x0000016b38c90000]
 total_blobs=2119 nmethods=1656 adapters=375
 compilation: enabled
              stopped_count=0, restarted_count=0
 full_count=0

Compilation events (20 events):
Event: 3.461 Thread 0x0000016b4f00b800 nmethod 1647 0x0000016b38fbab10 code [0x0000016b38fbaca0, 0x0000016b38fbadb8]
Event: 3.461 Thread 0x0000016b4f00b800 1648       1       java.lang.reflect.Method::getGenericSignature (5 bytes)
Event: 3.461 Thread 0x0000016b4f00b800 nmethod 1648 0x0000016b40255810 code [0x0000016b402559a0, 0x0000016b40255a78]
Event: 3.461 Thread 0x0000016b4f00b800 1649       1       java.lang.reflect.Method::getRoot (5 bytes)
Event: 3.461 Thread 0x0000016b4f00b800 nmethod 1649 0x0000016b40255b10 code [0x0000016b40255ca0, 0x0000016b40255d78]
Event: 3.462 Thread 0x0000016b4f00b800 1650       3       java.lang.Enum::equals (11 bytes)
Event: 3.462 Thread 0x0000016b4f00b800 nmethod 1650 0x0000016b38fbae90 code [0x0000016b38fbb020, 0x0000016b38fbb198]
Event: 3.467 Thread 0x0000016b4f00b800 1651       3       java.util.jar.JarFile$JarFileEntry::getRealName (5 bytes)
Event: 3.467 Thread 0x0000016b4f00b800 nmethod 1651 0x0000016b38fbb210 code [0x0000016b38fbb3a0, 0x0000016b38fbb4d8]
Event: 3.469 Thread 0x0000016b4f00b800 1652       3       java.util.concurrent.ConcurrentHashMap::get (162 bytes)
Event: 3.470 Thread 0x0000016b4f00b800 nmethod 1652 0x0000016b38fbb590 code [0x0000016b38fbb7e0, 0x0000016b38fbc518]
Event: 3.481 Thread 0x0000016b4e6a7000 1653 % !   4       java.util.concurrent.ConcurrentHashMap::transfer @ 372 (849 bytes)
Event: 3.487 Thread 0x0000016b4f00b800 1654       3       java.lang.System$2::getEnumConstantsShared (8 bytes)
Event: 3.488 Thread 0x0000016b4f00b800 nmethod 1654 0x0000016b38fbc890 code [0x0000016b38fbca40, 0x0000016b38fbcca8]
Event: 3.493 Thread 0x0000016b4f00b800 1655       1       java.util.stream.Collectors$CollectorImpl::characteristics (5 bytes)
Event: 3.494 Thread 0x0000016b4f00b800 nmethod 1655 0x0000016b40255e10 code [0x0000016b40255fa0, 0x0000016b40256078]
Event: 3.497 Thread 0x0000016b4f00b800 1657       3       java.lang.Boolean::valueOf (14 bytes)
Event: 3.497 Thread 0x0000016b4f00b800 nmethod 1657 0x0000016b38fbcd90 code [0x0000016b38fbcf20, 0x0000016b38fbd078]
Event: 3.501 Thread 0x0000016b4f00b800 1658       3       java.lang.Class::getGenericInfo (52 bytes)
Event: 3.502 Thread 0x0000016b4f00b800 nmethod 1658 0x0000016b38fbd110 code [0x0000016b38fbd3a0, 0x0000016b38fbe188]

GC Heap History (6 events):
Event: 1.516 GC heap before
{Heap before GC invocations=0 (full 0):
 garbage-first heap   total 129024K, used 12288K [0x0000000082000000, 0x0000000100000000)
  region size 1024K, 13 young (13312K), 0 survivors (0K)
 Metaspace       used 2982K, capacity 5658K, committed 5760K, reserved 1056768K
  class space    used 304K, capacity 569K, committed 640K, reserved 1048576K
}
Event: 1.539 GC heap after
{Heap after GC invocations=1 (full 0):
 garbage-first heap   total 129024K, used 4129K [0x0000000082000000, 0x0000000100000000)
  region size 1024K, 2 young (2048K), 2 survivors (2048K)
 Metaspace       used 2982K, capacity 5658K, committed 5760K, reserved 1056768K
  class space    used 304K, capacity 569K, committed 640K, reserved 1048576K
}
Event: 2.127 GC heap before
{Heap before GC invocations=1 (full 0):
 garbage-first heap   total 129024K, used 16417K [0x0000000082000000, 0x0000000100000000)
  region size 1024K, 14 young (14336K), 2 survivors (2048K)
 Metaspace       used 5799K, capacity 7424K, committed 7552K, reserved 1056768K
  class space    used 679K, capacity 864K, committed 896K, reserved 1048576K
}
Event: 2.132 GC heap after
{Heap after GC invocations=2 (full 0):
 garbage-first heap   total 129024K, used 5083K [0x0000000082000000, 0x0000000100000000)
  region size 1024K, 1 young (1024K), 1 survivors (1024K)
 Metaspace       used 5799K, capacity 7424K, committed 7552K, reserved 1056768K
  class space    used 679K, capacity 864K, committed 896K, reserved 1048576K
}
Event: 3.249 GC heap before
{Heap before GC invocations=2 (full 0):
 garbage-first heap   total 129024K, used 30683K [0x0000000082000000, 0x0000000100000000)
  region size 1024K, 26 young (26624K), 1 survivors (1024K)
 Metaspace       used 11581K, capacity 12202K, committed 12416K, reserved 1060864K
  class space    used 1426K, capacity 1619K, committed 1664K, reserved 1048576K
}
Event: 3.259 GC heap after
{Heap after GC invocations=3 (full 0):
 garbage-first heap   total 129024K, used 6427K [0x0000000082000000, 0x0000000100000000)
  region size 1024K, 3 young (3072K), 3 survivors (3072K)
 Metaspace       used 11581K, capacity 12202K, committed 12416K, reserved 1060864K
  class space    used 1426K, capacity 1619K, committed 1664K, reserved 1048576K
}

Deoptimization events (20 events):
Event: 2.516 Thread 0x0000016b2ff46000 DEOPT PACKING pc=0x0000016b402078bc sp=0x0000003d495fdb50
Event: 2.516 Thread 0x0000016b2ff46000 DEOPT UNPACKING pc=0x0000016b3873912f sp=0x0000003d495fdaf0 mode 2
Event: 2.517 Thread 0x0000016b2ff46000 Uncommon trap: trap_request=0xffffffc6 fr.pc=0x0000016b402078bc relative=0x000000000000061c
Event: 2.517 Thread 0x0000016b2ff46000 Uncommon trap: reason=bimorphic_or_optimized_type_check action=maybe_recompile pc=0x0000016b402078bc method=java.util.concurrent.ConcurrentHashMap.get(Ljava/lang/Object;)Ljava/lang/Object; @ 149 c2
Event: 2.517 Thread 0x0000016b2ff46000 DEOPT PACKING pc=0x0000016b402078bc sp=0x0000003d495fd830
Event: 2.517 Thread 0x0000016b2ff46000 DEOPT UNPACKING pc=0x0000016b3873912f sp=0x0000003d495fd7d0 mode 2
Event: 2.855 Thread 0x0000016b2ff46000 DEOPT PACKING pc=0x0000016b38cdf5e8 sp=0x0000003d495f9fe0
Event: 2.855 Thread 0x0000016b2ff46000 DEOPT UNPACKING pc=0x0000016b3873964e sp=0x0000003d495f94e8 mode 0
Event: 3.282 Thread 0x0000016b4fed6800 Uncommon trap: trap_request=0xffffff45 fr.pc=0x0000016b4021d81c relative=0x000000000000131c
Event: 3.282 Thread 0x0000016b4fed6800 Uncommon trap: reason=unstable_if action=reinterpret pc=0x0000016b4021d81c method=java.util.concurrent.ConcurrentHashMap.addCount(JI)V @ 171 c2
Event: 3.282 Thread 0x0000016b4fed6800 DEOPT PACKING pc=0x0000016b4021d81c sp=0x0000003d4abf9ea0
Event: 3.282 Thread 0x0000016b4fed6800 DEOPT UNPACKING pc=0x0000016b3873912f sp=0x0000003d4abf9d70 mode 2
Event: 3.411 Thread 0x0000016b2ff46000 Uncommon trap: trap_request=0xffffffde fr.pc=0x0000016b40202678 relative=0x00000000000003f8
Event: 3.411 Thread 0x0000016b2ff46000 Uncommon trap: reason=class_check action=maybe_recompile pc=0x0000016b40202678 method=java.util.HashMap.getNode(ILjava/lang/Object;)Ljava/util/HashMap$Node; @ 126 c2
Event: 3.412 Thread 0x0000016b2ff46000 DEOPT PACKING pc=0x0000016b40202678 sp=0x0000003d495fe510
Event: 3.412 Thread 0x0000016b2ff46000 DEOPT UNPACKING pc=0x0000016b3873912f sp=0x0000003d495fe488 mode 2
Event: 3.449 Thread 0x0000016b2ff46000 Uncommon trap: trap_request=0xffffff45 fr.pc=0x0000016b4022c830 relative=0x00000000000002b0
Event: 3.449 Thread 0x0000016b2ff46000 Uncommon trap: reason=unstable_if action=reinterpret pc=0x0000016b4022c830 method=java.util.concurrent.ConcurrentHashMap.get(Ljava/lang/Object;)Ljava/lang/Object; @ 76 c2
Event: 3.449 Thread 0x0000016b2ff46000 DEOPT PACKING pc=0x0000016b4022c830 sp=0x0000003d495fd610
Event: 3.449 Thread 0x0000016b2ff46000 DEOPT UNPACKING pc=0x0000016b3873912f sp=0x0000003d495fd588 mode 2

Classes unloaded (0 events):
No events

Classes redefined (0 events):
No events

Internal exceptions (20 events):
Event: 2.701 Thread 0x0000016b2ff46000 Exception <a 'java/lang/NoSuchMethodError'{0x000000008965ba08}: 'java.lang.Object java.lang.invoke.DirectMethodHandle$Holder.invokeStaticInit(java.lang.Object, java.lang.Object, java.lang.Object)'> (0x000000008965ba08) 
thrown [./open/src/hotspot/share/interpreter/linkResolver.cpp, line 766]
Event: 2.757 Thread 0x0000016b2ff46000 Exception <a 'java/lang/NoSuchMethodError'{0x00000000896fd398}: 'void java.lang.invoke.DirectMethodHandle$Holder.invokeVirtual(java.lang.Object, java.lang.Object, java.lang.Object, java.lang.Object)'> (0x00000000896fd398) 
thrown [./open/src/hotspot/share/interpreter/linkResolver.cpp, line 766]
Event: 2.828 Thread 0x0000016b2ff46000 Exception <a 'java/lang/NoSuchMethodError'{0x000000008944a248}: 'void java.lang.invoke.DirectMethodHandle$Holder.invokeSpecial(java.lang.Object, java.lang.Object, java.lang.Object, java.lang.Object, java.lang.Object)'> (0x000000008944a248) 
thrown [./open/src/hotspot/share/interpreter/linkResolver.cpp, line 766]
Event: 2.872 Thread 0x0000016b2ff46000 Exception <a 'java/lang/NoSuchMethodError'{0x00000000893cab88}: 'int java.lang.invoke.DirectMethodHandle$Holder.invokeSpecialIFC(java.lang.Object, java.lang.Object, int)'> (0x00000000893cab88) 
thrown [./open/src/hotspot/share/interpreter/linkResolver.cpp, line 766]
Event: 2.882 Thread 0x0000016b4fed6800 Exception <a 'java/lang/NoClassDefFoundError'{0x0000000089221498}: javax/validation/Validation> (0x0000000089221498) 
thrown [./open/src/hotspot/share/classfile/systemDictionary.cpp, line 215]
Event: 2.973 Thread 0x0000016b4fed6800 Exception <a 'java/lang/NoSuchMethodError'{0x0000000088dca220}: 'java.lang.Object java.lang.invoke.DirectMethodHandle$Holder.invokeStaticInit(java.lang.Object, java.lang.Object, java.lang.Object, java.lang.Object, java.lang.Object)'> (0x0000000088dca220) 
thrown [./open/src/hotspot/share/interpreter/linkResolver.cpp, line 766]
Event: 3.084 Thread 0x0000016b2ff46000 Exception <a 'java/lang/NoSuchMethodError'{0x0000000088bd1070}: 'org.slf4j.impl.StaticMDCBinder org.slf4j.impl.StaticMDCBinder.getSingleton()'> (0x0000000088bd1070) 
thrown [./open/src/hotspot/share/interpreter/linkResolver.cpp, line 766]
Event: 3.428 Thread 0x0000016b2ff46000 Exception <a 'java/lang/ClassNotFoundException'{0x0000000089783c00}: java/lang/ObjectCustomizer> (0x0000000089783c00) 
thrown [./open/src/hotspot/share/classfile/systemDictionary.cpp, line 226]
Event: 3.432 Thread 0x0000016b2ff46000 Exception <a 'java/lang/IncompatibleClassChangeError'{0x0000000089504848}: Found class java.lang.Object, but interface was expected> (0x0000000089504848) 
thrown [./open/src/hotspot/share/interpreter/linkResolver.cpp, line 832]
Event: 3.459 Thread 0x0000016b2ff46000 Exception <a 'java/lang/ClassNotFoundException'{0x0000000089538960}: org/springframework/context/annotation/ConfigurationClassPostProcessorCustomizer> (0x0000000089538960) 
thrown [./open/src/hotspot/share/classfile/systemDictionary.cpp, line 226]
Event: 3.493 Thread 0x0000016b2ff46000 Exception <a 'java/lang/ClassNotFoundException'{0x0000000089565578}: org/springframework/beans/factory/support/BeanDefinitionRegistryPostProcessorCustomizer> (0x0000000089565578) 
thrown [./open/src/hotspot/share/classfile/systemDictionary.cpp, line 226]
Event: 3.494 Thread 0x0000016b2ff46000 Exception <a 'java/lang/ClassNotFoundException'{0x00000000895742a0}: org/springframework/beans/factory/config/BeanFactoryPostProcessorCustomizer> (0x00000000895742a0) 
thrown [./open/src/hotspot/share/classfile/systemDictionary.cpp, line 226]
Event: 3.495 Thread 0x0000016b2ff46000 Exception <a 'java/lang/ClassNotFoundException'{0x0000000089382148}: org/springframework/core/PriorityOrderedCustomizer> (0x0000000089382148) 
thrown [./open/src/hotspot/share/classfile/systemDictionary.cpp, line 226]
Event: 3.496 Thread 0x0000016b2ff46000 Exception <a 'java/lang/ClassNotFoundException'{0x000000008938ca98}: org/springframework/core/OrderedCustomizer> (0x000000008938ca98) 
thrown [./open/src/hotspot/share/classfile/systemDictionary.cpp, line 226]
Event: 3.497 Thread 0x0000016b2ff46000 Exception <a 'java/lang/ClassNotFoundException'{0x0000000089399960}: org/springframework/context/ResourceLoaderAwareCustomizer> (0x0000000089399960) 
thrown [./open/src/hotspot/share/classfile/systemDictionary.cpp, line 226]
Event: 3.498 Thread 0x0000016b2ff46000 Exception <a 'java/lang/ClassNotFoundException'{0x00000000893a5e40}: org/springframework/beans/factory/AwareCustomizer> (0x00000000893a5e40) 
thrown [./open/src/hotspot/share/classfile/systemDictionary.cpp, line 226]
Event: 3.500 Thread 0x0000016b2ff46000 Exception <a 'java/lang/ClassNotFoundException'{0x00000000893b2518}: org/springframework/context/ApplicationStartupAwareCustomizer> (0x00000000893b2518) 
thrown [./open/src/hotspot/share/classfile/systemDictionary.cpp, line 226]
Event: 3.501 Thread 0x0000016b2ff46000 Exception <a 'java/lang/ClassNotFoundException'{0x00000000893bec70}: org/springframework/beans/factory/AwareCustomizer> (0x00000000893bec70) 
thrown [./open/src/hotspot/share/classfile/systemDictionary.cpp, line 226]
Event: 3.501 Thread 0x0000016b2ff46000 Exception <a 'java/lang/ClassNotFoundException'{0x00000000893cb770}: org/springframework/beans/factory/BeanClassLoaderAwareCustomizer> (0x00000000893cb770) 
thrown [./open/src/hotspot/share/classfile/systemDictionary.cpp, line 226]
Event: 3.503 Thread 0x0000016b2ff46000 Exception <a 'java/lang/ClassNotFoundException'{0x00000000893d7c68}: org/springframework/beans/factory/AwareCustomizer> (0x00000000893d7c68) 
thrown [./open/src/hotspot/share/classfile/systemDictionary.cpp, line 226]

Events (20 events):
Event: 3.445 loading class java/lang/module/ModuleDescriptor$Builder
Event: 3.446 loading class java/lang/module/ModuleDescriptor$Builder done
Event: 3.448 loading class java/lang/WeakPairMap$Pair$Weak
Event: 3.448 loading class java/lang/WeakPairMap$WeakRefPeer
Event: 3.448 loading class java/lang/WeakPairMap$WeakRefPeer done
Event: 3.448 loading class java/lang/WeakPairMap$Pair$Weak done
Event: 3.448 loading class java/lang/WeakPairMap$Pair$Weak$1
Event: 3.448 loading class java/lang/WeakPairMap$Pair$Weak$1 done
Event: 3.452 loading class com/sun/beans/introspect/PropertyInfo$Name
Event: 3.452 loading class com/sun/beans/introspect/PropertyInfo$Name done
Event: 3.453 loading class java/beans/GenericBeanInfo
Event: 3.453 loading class java/beans/SimpleBeanInfo
Event: 3.459 loading class java/beans/SimpleBeanInfo done
Event: 3.459 loading class java/beans/GenericBeanInfo done
Event: 3.460 loading class java/util/Hashtable$EntrySet
Event: 3.460 loading class java/util/Hashtable$EntrySet done
Event: 3.487 loading class java/util/AbstractList$ListItr
Event: 3.487 loading class java/util/AbstractList$Itr
Event: 3.487 loading class java/util/AbstractList$Itr done
Event: 3.487 loading class java/util/AbstractList$ListItr done


Dynamic libraries:
0x00007ff688f80000 - 0x00007ff688f8f000 	C:\Program Files\Java\jdk-14.0.2\bin\java.exe
0x00007ffd1b3b0000 - 0x00007ffd1b5a5000 	C:\WINDOWS\SYSTEM32\ntdll.dll
0x00007ffd1af80000 - 0x00007ffd1b03e000 	C:\WINDOWS\System32\KERNEL32.DLL
0x00007ffd18e50000 - 0x00007ffd19119000 	C:\WINDOWS\System32\KERNELBASE.dll
0x00007ffd18d50000 - 0x00007ffd18e50000 	C:\WINDOWS\System32\ucrtbase.dll
0x00007ffd12530000 - 0x00007ffd12545000 	C:\Program Files\Java\jdk-14.0.2\bin\VCRUNTIME140.dll
0x00007ffd0ec40000 - 0x00007ffd0ec58000 	C:\Program Files\Java\jdk-14.0.2\bin\jli.dll
0x00007ffd1b2c0000 - 0x00007ffd1b36c000 	C:\WINDOWS\System32\ADVAPI32.dll
0x00007ffd1aee0000 - 0x00007ffd1af7e000 	C:\WINDOWS\System32\msvcrt.dll
0x00007ffd1a220000 - 0x00007ffd1a2bb000 	C:\WINDOWS\System32\sechost.dll
0x00007ffd1aa60000 - 0x00007ffd1ab8a000 	C:\WINDOWS\System32\RPCRT4.dll
0x00007ffd19ea0000 - 0x00007ffd1a041000 	C:\WINDOWS\System32\USER32.dll
0x00007ffd18ad0000 - 0x00007ffd18af2000 	C:\WINDOWS\System32\win32u.dll
0x00007ffd1a1b0000 - 0x00007ffd1a1db000 	C:\WINDOWS\System32\GDI32.dll
0x00007ffd18c40000 - 0x00007ffd18d4b000 	C:\WINDOWS\System32\gdi32full.dll
0x00007ffd19120000 - 0x00007ffd191bd000 	C:\WINDOWS\System32\msvcp_win.dll
0x00007ffd054d0000 - 0x00007ffd0576a000 	C:\WINDOWS\WinSxS\amd64_microsoft.windows.common-controls_6595b64144ccf1df_6.0.19041.1110_none_60b5254171f9507e\COMCTL32.dll
0x00007ffd12260000 - 0x00007ffd1226a000 	C:\WINDOWS\SYSTEM32\VERSION.dll
0x00007ffd1a1e0000 - 0x00007ffd1a210000 	C:\WINDOWS\System32\IMM32.DLL
0x00007ffcfed10000 - 0x00007ffcfedab000 	C:\Program Files\Java\jdk-14.0.2\bin\msvcp140.dll
0x00007ffcb6180000 - 0x00007ffcb6c9e000 	C:\Program Files\Java\jdk-14.0.2\bin\server\jvm.dll
0x00007ffd1a210000 - 0x00007ffd1a218000 	C:\WINDOWS\System32\PSAPI.DLL
0x00007ffcf41d0000 - 0x00007ffcf41d9000 	C:\WINDOWS\SYSTEM32\WSOCK32.dll
0x00007ffd1b0a0000 - 0x00007ffd1b10b000 	C:\WINDOWS\System32\WS2_32.dll
0x00007ffd04730000 - 0x00007ffd04757000 	C:\WINDOWS\SYSTEM32\WINMM.dll
0x00007ffd16a00000 - 0x00007ffd16a12000 	C:\WINDOWS\SYSTEM32\kernel.appcore.dll
0x00007ffd132d0000 - 0x00007ffd132da000 	C:\Program Files\Java\jdk-14.0.2\bin\jimage.dll
0x00007ffd166a0000 - 0x00007ffd16884000 	C:\WINDOWS\SYSTEM32\DBGHELP.DLL
0x00007ffd047e0000 - 0x00007ffd0480c000 	C:\WINDOWS\SYSTEM32\dbgcore.DLL
0x00007ffd18b60000 - 0x00007ffd18be3000 	C:\WINDOWS\System32\bcryptPrimitives.dll
0x00007ffd12520000 - 0x00007ffd1252e000 	C:\Program Files\Java\jdk-14.0.2\bin\instrument.dll
0x00007ffd057d0000 - 0x00007ffd057f5000 	C:\Program Files\Java\jdk-14.0.2\bin\java.dll
0x00007ffd00740000 - 0x00007ffd00756000 	C:\Program Files\Java\jdk-14.0.2\bin\zip.dll
0x00007ffd1a320000 - 0x00007ffd1aa5f000 	C:\WINDOWS\System32\SHELL32.dll
0x00007ffd16b70000 - 0x00007ffd17300000 	C:\WINDOWS\SYSTEM32\windows.storage.dll
0x00007ffd19b40000 - 0x00007ffd19e95000 	C:\WINDOWS\System32\combase.dll
0x00007ffd184b0000 - 0x00007ffd184dc000 	C:\WINDOWS\SYSTEM32\Wldp.dll
0x00007ffd19960000 - 0x00007ffd19a0d000 	C:\WINDOWS\System32\SHCORE.dll
0x00007ffd1b040000 - 0x00007ffd1b095000 	C:\WINDOWS\System32\shlwapi.dll
0x00007ffd18a10000 - 0x00007ffd18a2f000 	C:\WINDOWS\SYSTEM32\profapi.dll
0x00007ffcfeca0000 - 0x00007ffcfecb9000 	C:\Program Files\Java\jdk-14.0.2\bin\net.dll
0x00007ffd14110000 - 0x00007ffd14218000 	C:\WINDOWS\SYSTEM32\WINHTTP.dll
0x00007ffd18190000 - 0x00007ffd181fa000 	C:\WINDOWS\system32\mswsock.dll
0x00007ffcfe820000 - 0x00007ffcfe832000 	C:\Program Files\Java\jdk-14.0.2\bin\nio.dll
0x00007ffcec010000 - 0x00007ffcec02a000 	C:\Program Files\JetBrains\IntelliJ IDEA Community Edition 2021.3.1\bin\breakgen64.dll
0x00007ffd06360000 - 0x00007ffd06370000 	C:\Program Files\Java\jdk-14.0.2\bin\verify.dll
0x00007ffd057c0000 - 0x00007ffd057c9000 	C:\Program Files\Java\jdk-14.0.2\bin\management.dll
0x00007ffcfa370000 - 0x00007ffcfa37b000 	C:\Program Files\Java\jdk-14.0.2\bin\management_ext.dll
0x00007ffcf85d0000 - 0x00007ffcf85e7000 	C:\WINDOWS\system32\napinsp.dll
0x00007ffcf7870000 - 0x00007ffcf788b000 	C:\WINDOWS\system32\pnrpnsp.dll
0x00007ffcf7850000 - 0x00007ffcf7865000 	C:\WINDOWS\system32\wshbth.dll
0x00007ffd13b00000 - 0x00007ffd13b1d000 	C:\WINDOWS\system32\NLAapi.dll
0x00007ffd17e70000 - 0x00007ffd17eab000 	C:\WINDOWS\SYSTEM32\IPHLPAPI.DLL
0x00007ffd17eb0000 - 0x00007ffd17f7c000 	C:\WINDOWS\SYSTEM32\DNSAPI.dll
0x00007ffd19950000 - 0x00007ffd19958000 	C:\WINDOWS\System32\NSI.dll
0x00007ffcf7230000 - 0x00007ffcf7242000 	C:\WINDOWS\System32\winrnr.dll
0x00007ffd0e570000 - 0x00007ffd0e57a000 	C:\Windows\System32\rasadhlp.dll
0x00007ffd0e4f0000 - 0x00007ffd0e56f000 	C:\WINDOWS\System32\fwpuclnt.dll
0x00007ffd193d0000 - 0x00007ffd193f7000 	C:\WINDOWS\System32\bcrypt.dll

dbghelp: loaded successfully - version: 4.0.5 - missing functions: none
symbol engine: initialized successfully - sym options: 0x614 - pdb path: .;C:\Program Files\Java\jdk-14.0.2\bin;C:\WINDOWS\SYSTEM32;C:\WINDOWS\WinSxS\amd64_microsoft.windows.common-controls_6595b64144ccf1df_6.0.19041.1110_none_60b5254171f9507e;C:\Program Files\Java\jdk-14.0.2\bin\server;C:\Program Files\JetBrains\IntelliJ IDEA Community Edition 2021.3.1\bin

VM Arguments:
jvm_args: -javaagent:C:\Program Files\JetBrains\IntelliJ IDEA Community Edition 2021.3.1\lib\idea_rt.jar=2695:C:\Program Files\JetBrains\IntelliJ IDEA Community Edition 2021.3.1\bin -Dfile.encoding=UTF-8 
java_command: com.leo.rest.RestApplication
java_class_path (initial): E:\WEB\SPRING\rest\rest\target\classes;C:\Users\LENOVO\.m2\repository\org\springframework\boot\spring-boot-starter-data-mongodb\2.6.2\spring-boot-starter-data-mongodb-2.6.2.jar;C:\Users\LENOVO\.m2\repository\org\springframework\boot\spring-boot-starter\2.6.2\spring-boot-starter-2.6.2.jar;C:\Users\LENOVO\.m2\repository\org\springframework\boot\spring-boot\2.6.2\spring-boot-2.6.2.jar;C:\Users\LENOVO\.m2\repository\org\springframework\boot\spring-boot-autoconfigure\2.6.2\spring-boot-autoconfigure-2.6.2.jar;C:\Users\LENOVO\.m2\repository\org\springframework\boot\spring-boot-starter-logging\2.6.2\spring-boot-starter-logging-2.6.2.jar;C:\Users\LENOVO\.m2\repository\ch\qos\logback\logback-classic\1.2.9\logback-classic-1.2.9.jar;C:\Users\LENOVO\.m2\repository\ch\qos\logback\logback-core\1.2.9\logback-core-1.2.9.jar;C:\Users\LENOVO\.m2\repository\org\apache\logging\log4j\log4j-to-slf4j\2.17.0\log4j-to-slf4j-2.17.0.jar;C:\Users\LENOVO\.m2\repository\org\apache\logging\log4j\log4j-api\2.17.0\log4j-api-2.17.0.jar;C:\Users\LENOVO\.m2\repository\org\slf4j\jul-to-slf4j\1.7.32\jul-to-slf4j-1.7.32.jar;C:\Users\LENOVO\.m2\repository\jakarta\annotation\jakarta.annotation-api\1.3.5\jakarta.annotation-api-1.3.5.jar;C:\Users\LENOVO\.m2\repository\org\yaml\snakeyaml\1.29\snakeyaml-1.29.jar;C:\Users\LENOVO\.m2\repository\org\mongodb\mongodb-driver-sync\4.4.0\mongodb-driver-sync-4.4.0.jar;C:\Users\LENOVO\.m2\repository\org\mongodb\bson\4.4.0\bson-4.4.0.jar;C:\Users\LENOVO\.m2\repository\org\mongodb\mongodb-driver-core\4.4.0\mongodb-driver-core-4.4.0.jar;C:\Users\LENOVO\.m2\repository\org\springframework\data\spring-data-mongodb\3.3.0\spring-data-mongodb-3.3.0.jar;C:\Users\LENOVO\.m2\repository\org\springframework\spring-tx\5.3.14\spring-tx-5.3.14.jar;C:\Users\LENOVO\.m2\repository\org\springframework\spring-context\5.3.14\spring-context-5.3.14.jar;C:\Users\LENOVO\.m2\repository\org\springframework\spring-beans\5.3.14\spring-beans-5.3.14.jar;C:\Users\LENOVO\.m2\r
Launcher Type: SUN_STANDARD

[Global flags]
     intx CICompilerCount                          = 3                                         {product} {ergonomic}
     uint ConcGCThreads                            = 1                                         {product} {ergonomic}
     uint G1ConcRefinementThreads                  = 4                                         {product} {ergonomic}
   size_t G1HeapRegionSize                         = 1048576                                   {product} {ergonomic}
    uintx GCDrainStackTargetSize                   = 64                                        {product} {ergonomic}
   size_t InitialHeapSize                          = 132120576                                 {product} {ergonomic}
   size_t MarkStackSize                            = 4194304                                   {product} {ergonomic}
   size_t MaxHeapSize                              = 2113929216                                {product} {ergonomic}
   size_t MaxNewSize                               = 1267728384                                {product} {ergonomic}
   size_t MinHeapDeltaBytes                        = 1048576                                   {product} {ergonomic}
   size_t MinHeapSize                              = 8388608                                   {product} {ergonomic}
    uintx NonNMethodCodeHeapSize                   = 5832780                                {pd product} {ergonomic}
    uintx NonProfiledCodeHeapSize                  = 122912730                              {pd product} {ergonomic}
    uintx ProfiledCodeHeapSize                     = 122912730                              {pd product} {ergonomic}
    uintx ReservedCodeCacheSize                    = 251658240                              {pd product} {ergonomic}
     bool SegmentedCodeCache                       = true                                      {product} {ergonomic}
   size_t SoftMaxHeapSize                          = 2113929216                             {manageable} {ergonomic}
     bool UseCompressedClassPointers               = true                                 {lp64_product} {ergonomic}
     bool UseCompressedOops                        = true                                 {lp64_product} {ergonomic}
     bool UseG1GC                                  = true                                      {product} {ergonomic}
     bool UseLargePagesIndividualAllocation        = false                                  {pd product} {ergonomic}

Logging:
Log output configuration:
 #0: stdout all=warning uptime,level,tags
 #1: stderr all=off uptime,level,tags

Environment Variables:
JAVA_HOME=C:\Program Files\Java\jdk-11.0.8
PATH=C:\Users\LENOVO\AppData\Local\Programs\Python\Python39\Scripts\;C:\Users\LENOVO\AppData\Local\Programs\Python\Python39\;C:\Program Files\Common Files\Oracle\Java\javapath;C:\Program Files (x86)\Common Files\Oracle\Java\javapath;C:\WINDOWS\system32;C:\WINDOWS;C:\WINDOWS\System32\Wbem;C:\WINDOWS\System32\WindowsPowerShell\v1.0\;C:\WINDOWS\System32\OpenSSH\;C:\Program Files\MySQL\MySQL Enterprise Backup 8.0\\bin;C:\Program Files\Java\jdk-11.0.8\bin;C:\Program Files\Git\cmd;C:\Users\LENOVO\AppData\Local\Android\Sdk\platform-tools;C:\php;C:\php7;C:\xampp\php;C:\Program Files\dotnet\;C:\Program Files\Microsoft SQL Server\130\Tools\Binn\;C:\Program Files\Microsoft\Web Platform Installer\;C:\Program Files (x86)\Microsoft ASP.NET\ASP.NET Web Pages\v1.0\;C:\Program Files (x86)\Microsoft SQL Server\100\Tools\Binn\;C:\Program Files\Microsoft SQL Server\100\Tools\Binn\;C:\Program Files\Microsoft SQL Server\100\DTS\Binn\;C:\Program Files (x86)\Microsoft SQL Server\100\Tools\Binn\VSShell\Common7\IDE\;C:\Program Files (x86)\Microsoft SQL Server\100\DTS\Binn\;C:\Program Files (x86)\Microsoft Visual Studio 9.0\Common7\IDE\PrivateAssemblies\;C:\Users\LENOVO\AppData\Roaming\npm;C:\Users\LENOVO\AppData\Roaming\nvm;C:\Program Files\nodejs;C:\ProgramData\chocolatey\bin;C:\Program Files\Microsoft SQL Server\Client SDK\ODBC\170\Tools\Binn\;C:\Program Files (x86)\Microsoft SQL Server\150\Tools\Binn\;C:\Program Files\Microsoft SQL Server\150\Tools\Binn\;C:\Program Files\Microsoft SQL Server\150\DTS\Binn\;C:\Program Files (x86)\Microsoft SQL Server\140\DTS\Binn\;C:\Program Files\Microsoft SQL Server\140\DTS\Binn\;C:\Program Files\Microsoft SQL Server\Client SDK\ODBC\130\Tools\Binn\;C:\Program Files (x86)\Microsoft SQL Server\140\Tools\Binn\;C:\Program Files\Microsoft SQL Server\140\Tools\Binn\;C:\Program Files (x86)\Microsoft SQL Server\150\DTS\Binn\;C:\Program Files\Azure Data Studio\bin;C:\Program Files\nodejs\;C:\Users\LENOVO\AppData\Local\Programs\Python\Python38\Scripts\;C:\Users\LENOVO
USERNAME=LENOVO
OS=Windows_NT
PROCESSOR_IDENTIFIER=Intel64 Family 6 Model 142 Stepping 9, GenuineIntel



---------------  S Y S T E M  ---------------

OS: Windows 10 , 64 bit Build 19041 (10.0.19041.1202)
OS uptime: 0 days 10:17 hours
HyperV virtualization detected

CPU:total 4 (initial active 4) (2 cores per cpu, 2 threads per core) family 6 model 142 stepping 9, cmov, cx8, fxsr, mmx, sse, sse2, sse3, ssse3, sse4.1, sse4.2, popcnt, avx, avx2, aes, clmul, erms, 3dnowpref, lzcnt, ht, tsc, tscinvbit, bmi1, bmi2, adx, fma

Memory: 4k page, system-wide physical 8058M (418M free)
TotalPageFile size 8058M (AvailPageFile size 5M)
current process WorkingSet (physical memory assigned to process): 98M, peak: 98M
current process commit charge ("private bytes"): 228M, peak: 228M

vm_info: Java HotSpot(TM) 64-Bit Server VM (14.0.2+12-46) for windows-amd64 JRE (14.0.2+12-46), built on Jul  9 2020 00:35:52 by "mach5one" with MS VC++ 15.9 (VS2017)

END.
